  [1m[36m (16.3ms)[0m  [1mselect sqlite_version(*)[0m
  [1m[35m (1.5ms)[0m  CREATE TABLE "schema_migrations" ("version" varchar(255) NOT NULL) 
  [1m[36m (0.0ms)[0m  [1mPRAGMA index_list("schema_migrations")[0m
  [1m[35m (0.9ms)[0m  CREATE UNIQUE INDEX "unique_schema_migrations" ON "schema_migrations" ("version")
  [1m[36m (0.1ms)[0m  [1mSELECT "schema_migrations"."version" FROM "schema_migrations" [0m
Migrating to CreateMovies (20111119180638)
  [1m[35m (0.4ms)[0m  CREATE TABLE "movies" ("id" INTEGER PRIMARY KEY AUTOINCREMENT NOT NULL, "title" varchar(255), "rating" varchar(255), "description" text, "release_date" datetime, "created_at" datetime, "updated_at" datetime) 
  [1m[36m (0.1ms)[0m  [1mINSERT INTO "schema_migrations" ("version") VALUES ('20111119180638')[0m
  [1m[35m (0.3ms)[0m  select sqlite_version(*)
  [1m[36m (0.1ms)[0m  [1mSELECT "schema_migrations"."version" FROM "schema_migrations" [0m
  [1m[35m (0.0ms)[0m  PRAGMA index_list("movies")
  [1m[36m (0.1ms)[0m  [1mSELECT "schema_migrations"."version" FROM "schema_migrations" [0m
  [1m[35mSQL (18.0ms)[0m  INSERT INTO "movies" ("created_at", "description", "rating", "release_date", "title", "updated_at") VALUES (?, ?, ?, ?, ?, ?)  [["created_at", Sat, 27 Jul 2013 16:50:38 UTC +00:00], ["description", nil], ["rating", "G"], ["release_date", Wed, 25 Nov 1992 00:00:00 UTC +00:00], ["title", "Aladdin"], ["updated_at", Sat, 27 Jul 2013 16:50:38 UTC +00:00]]
  [1m[36mSQL (0.5ms)[0m  [1mINSERT INTO "movies" ("created_at", "description", "rating", "release_date", "title", "updated_at") VALUES (?, ?, ?, ?, ?, ?)[0m  [["created_at", Sat, 27 Jul 2013 16:50:38 UTC +00:00], ["description", nil], ["rating", "R"], ["release_date", Fri, 26 Oct 1984 00:00:00 UTC +00:00], ["title", "The Terminator"], ["updated_at", Sat, 27 Jul 2013 16:50:38 UTC +00:00]]
  [1m[35mSQL (0.4ms)[0m  INSERT INTO "movies" ("created_at", "description", "rating", "release_date", "title", "updated_at") VALUES (?, ?, ?, ?, ?, ?)  [["created_at", Sat, 27 Jul 2013 16:50:38 UTC +00:00], ["description", nil], ["rating", "R"], ["release_date", Fri, 21 Jul 1989 00:00:00 UTC +00:00], ["title", "When Harry Met Sally"], ["updated_at", Sat, 27 Jul 2013 16:50:38 UTC +00:00]]
  [1m[36mSQL (0.4ms)[0m  [1mINSERT INTO "movies" ("created_at", "description", "rating", "release_date", "title", "updated_at") VALUES (?, ?, ?, ?, ?, ?)[0m  [["created_at", Sat, 27 Jul 2013 16:50:38 UTC +00:00], ["description", nil], ["rating", "PG-13"], ["release_date", Wed, 10 Aug 2011 00:00:00 UTC +00:00], ["title", "The Help"], ["updated_at", Sat, 27 Jul 2013 16:50:38 UTC +00:00]]
  [1m[35mSQL (0.6ms)[0m  INSERT INTO "movies" ("created_at", "description", "rating", "release_date", "title", "updated_at") VALUES (?, ?, ?, ?, ?, ?)  [["created_at", Sat, 27 Jul 2013 16:50:38 UTC +00:00], ["description", nil], ["rating", "PG-13"], ["release_date", Fri, 05 Jan 2001 00:00:00 UTC +00:00], ["title", "Chocolat"], ["updated_at", Sat, 27 Jul 2013 16:50:38 UTC +00:00]]
  [1m[36mSQL (0.6ms)[0m  [1mINSERT INTO "movies" ("created_at", "description", "rating", "release_date", "title", "updated_at") VALUES (?, ?, ?, ?, ?, ?)[0m  [["created_at", Sat, 27 Jul 2013 16:50:38 UTC +00:00], ["description", nil], ["rating", "R"], ["release_date", Wed, 25 Apr 2001 00:00:00 UTC +00:00], ["title", "Amelie"], ["updated_at", Sat, 27 Jul 2013 16:50:38 UTC +00:00]]
  [1m[35mSQL (0.4ms)[0m  INSERT INTO "movies" ("created_at", "description", "rating", "release_date", "title", "updated_at") VALUES (?, ?, ?, ?, ?, ?)  [["created_at", Sat, 27 Jul 2013 16:50:38 UTC +00:00], ["description", nil], ["rating", "G"], ["release_date", Sat, 06 Apr 1968 00:00:00 UTC +00:00], ["title", "2001: A Space Odyssey"], ["updated_at", Sat, 27 Jul 2013 16:50:38 UTC +00:00]]
  [1m[36mSQL (0.5ms)[0m  [1mINSERT INTO "movies" ("created_at", "description", "rating", "release_date", "title", "updated_at") VALUES (?, ?, ?, ?, ?, ?)[0m  [["created_at", Sat, 27 Jul 2013 16:50:38 UTC +00:00], ["description", nil], ["rating", "PG"], ["release_date", Fri, 05 Nov 2004 00:00:00 UTC +00:00], ["title", "The Incredibles"], ["updated_at", Sat, 27 Jul 2013 16:50:38 UTC +00:00]]
  [1m[35mSQL (0.4ms)[0m  INSERT INTO "movies" ("created_at", "description", "rating", "release_date", "title", "updated_at") VALUES (?, ?, ?, ?, ?, ?)  [["created_at", Sat, 27 Jul 2013 16:50:38 UTC +00:00], ["description", nil], ["rating", "PG"], ["release_date", Fri, 12 Jun 1981 00:00:00 UTC +00:00], ["title", "Raiders of the Lost Ark"], ["updated_at", Sat, 27 Jul 2013 16:50:38 UTC +00:00]]
  [1m[36mSQL (0.4ms)[0m  [1mINSERT INTO "movies" ("created_at", "description", "rating", "release_date", "title", "updated_at") VALUES (?, ?, ?, ?, ?, ?)[0m  [["created_at", Sat, 27 Jul 2013 16:50:38 UTC +00:00], ["description", nil], ["rating", "G"], ["release_date", Wed, 21 Jun 2000 00:00:00 UTC +00:00], ["title", "Chicken Run"], ["updated_at", Sat, 27 Jul 2013 16:50:38 UTC +00:00]]


Started GET "/assets/rails.png" for 127.0.0.1 at 2013-07-27 11:52:12 -0500
Served asset /rails.png - 200 OK (3ms)


Started GET "/assets/rails.png" for 127.0.0.1 at 2013-07-27 11:52:13 -0500
Served asset /rails.png - 304 Not Modified (0ms)


Started GET "/movies" for 127.0.0.1 at 2013-07-27 11:52:23 -0500
  Processing by MoviesController#index as HTML
  [1m[36mMovie Load (0.2ms)[0m  [1mSELECT "movies".* FROM "movies" [0m
Rendered movies/index.html.haml within layouts/application (16.0ms)
Compiled application.css  (0ms)  (pid 13206)
Compiled application.js  (2ms)  (pid 13206)
Compiled jquery.js  (31ms)  (pid 13206)
Compiled jquery_ujs.js  (0ms)  (pid 13206)
Completed 200 OK in 129ms (Views: 127.3ms | ActiveRecord: 0.4ms)


Started GET "/assets/application.css?body=1" for 127.0.0.1 at 2013-07-27 11:52:23 -0500
Served asset /application.css - 304 Not Modified (3ms)


Started GET "/assets/jquery.js?body=1" for 127.0.0.1 at 2013-07-27 11:52:23 -0500
Served asset /jquery.js - 304 Not Modified (6ms)


Started GET "/assets/jquery_ujs.js?body=1" for 127.0.0.1 at 2013-07-27 11:52:23 -0500
Served asset /jquery_ujs.js - 304 Not Modified (3ms)


Started GET "/assets/application.js?body=1" for 127.0.0.1 at 2013-07-27 11:52:23 -0500
Served asset /application.js - 304 Not Modified (5ms)


Started GET "/assets/rails.png" for 127.0.0.1 at 2013-07-27 15:05:25 -0500
Served asset /rails.png - 304 Not Modified (80ms)


Started GET "/movies" for 127.0.0.1 at 2013-07-27 15:25:01 -0500
  Processing by MoviesController#index as HTML
  [1m[36mMovie Load (18.8ms)[0m  [1mSELECT "movies".* FROM "movies" [0m
Rendered movies/index.html.haml within layouts/application (74.1ms)
Compiled application.css  (0ms)  (pid 14067)
Completed 200 OK in 236ms (Views: 215.5ms | ActiveRecord: 19.0ms)


Started GET "/assets/application.css?body=1" for 127.0.0.1 at 2013-07-27 15:25:02 -0500
Served asset /application.css - 200 OK (3ms)


Started GET "/assets/jquery_ujs.js?body=1" for 127.0.0.1 at 2013-07-27 15:25:02 -0500
Served asset /jquery_ujs.js - 304 Not Modified (2ms)


Started GET "/assets/application.js?body=1" for 127.0.0.1 at 2013-07-27 15:25:02 -0500
Served asset /application.js - 304 Not Modified (74ms)


Started GET "/assets/jquery.js?body=1" for 127.0.0.1 at 2013-07-27 15:25:02 -0500
Served asset /jquery.js - 304 Not Modified (37ms)


Started GET "/movies/1" for 127.0.0.1 at 2013-07-27 15:25:06 -0500
  Processing by MoviesController#show as HTML
  Parameters: {"id"=>"1"}
  [1m[35mMovie Load (0.2ms)[0m  SELECT "movies".* FROM "movies" WHERE "movies"."id" = ? LIMIT 1  [["id", "1"]]
Rendered movies/show.html.haml within layouts/application (10.5ms)
Completed 200 OK in 33ms (Views: 29.8ms | ActiveRecord: 0.7ms)


Started GET "/assets/jquery_ujs.js?body=1" for 127.0.0.1 at 2013-07-27 15:25:07 -0500
Served asset /jquery_ujs.js - 304 Not Modified (0ms)


Started GET "/assets/application.js?body=1" for 127.0.0.1 at 2013-07-27 15:25:07 -0500
Served asset /application.js - 304 Not Modified (0ms)


Started GET "/assets/jquery.js?body=1" for 127.0.0.1 at 2013-07-27 15:25:07 -0500
Served asset /jquery.js - 304 Not Modified (0ms)


Started GET "/movies/" for 127.0.0.1 at 2013-07-27 15:25:11 -0500
  Processing by MoviesController#index as HTML
  [1m[36mMovie Load (0.2ms)[0m  [1mSELECT "movies".* FROM "movies" [0m
Rendered movies/index.html.haml within layouts/application (11.4ms)
Completed 200 OK in 21ms (Views: 19.2ms | ActiveRecord: 0.6ms)


Started GET "/assets/jquery_ujs.js?body=1" for 127.0.0.1 at 2013-07-27 15:25:11 -0500
Served asset /jquery_ujs.js - 304 Not Modified (0ms)


Started GET "/assets/jquery.js?body=1" for 127.0.0.1 at 2013-07-27 15:25:11 -0500
Served asset /jquery.js - 304 Not Modified (0ms)


Started GET "/assets/application.js?body=1" for 127.0.0.1 at 2013-07-27 15:25:11 -0500
Served asset /application.js - 304 Not Modified (0ms)


Started GET "/movies/" for 127.0.0.1 at 2013-07-27 15:34:50 -0500

SyntaxError (/Users/vutukurimahesh/Cloud Computing/Ruby on Rails/CS169X/Homework2/srimahesh/hw2_rottenpotatoes/app/controllers/movies_controller.rb:45: syntax error, unexpected $end, expecting keyword_end):
  

Rendered /Users/vutukurimahesh/.rvm/gems/ruby-1.9.2-p320/gems/actionpack-3.1.0/lib/action_dispatch/middleware/templates/rescues/_trace.erb (1.3ms)
Rendered /Users/vutukurimahesh/.rvm/gems/ruby-1.9.2-p320/gems/actionpack-3.1.0/lib/action_dispatch/middleware/templates/rescues/_request_and_response.erb (1.0ms)
Rendered /Users/vutukurimahesh/.rvm/gems/ruby-1.9.2-p320/gems/actionpack-3.1.0/lib/action_dispatch/middleware/templates/rescues/diagnostics.erb within rescues/layout (8.2ms)


Started GET "/movies/" for 127.0.0.1 at 2013-07-27 15:36:08 -0500

SyntaxError (/Users/vutukurimahesh/Cloud Computing/Ruby on Rails/CS169X/Homework2/srimahesh/hw2_rottenpotatoes/app/controllers/movies_controller.rb:45: syntax error, unexpected $end, expecting keyword_end):
  

Rendered /Users/vutukurimahesh/.rvm/gems/ruby-1.9.2-p320/gems/actionpack-3.1.0/lib/action_dispatch/middleware/templates/rescues/_trace.erb (1.1ms)
Rendered /Users/vutukurimahesh/.rvm/gems/ruby-1.9.2-p320/gems/actionpack-3.1.0/lib/action_dispatch/middleware/templates/rescues/_request_and_response.erb (1.0ms)
Rendered /Users/vutukurimahesh/.rvm/gems/ruby-1.9.2-p320/gems/actionpack-3.1.0/lib/action_dispatch/middleware/templates/rescues/diagnostics.erb within rescues/layout (8.3ms)


Started GET "/movies/" for 127.0.0.1 at 2013-07-27 15:36:38 -0500
  Processing by MoviesController#index as HTML
  [1m[35mMovie Load (10.7ms)[0m  SELECT "movies".* FROM "movies" 
Rendered movies/index.html.haml within layouts/application (15.8ms)
Completed 200 OK in 34ms (Views: 21.6ms | ActiveRecord: 11.1ms)


Started GET "/assets/jquery.js?body=1" for 127.0.0.1 at 2013-07-27 15:36:39 -0500
Served asset /jquery.js - 304 Not Modified (0ms)


Started GET "/assets/jquery_ujs.js?body=1" for 127.0.0.1 at 2013-07-27 15:36:39 -0500
Served asset /jquery_ujs.js - 304 Not Modified (0ms)


Started GET "/assets/application.js?body=1" for 127.0.0.1 at 2013-07-27 15:36:39 -0500
Served asset /application.js - 304 Not Modified (0ms)


Started GET "/assets/application.css?body=1" for 127.0.0.1 at 2013-07-27 15:36:39 -0500
Served asset /application.css - 304 Not Modified (0ms)


Started GET "/movies?sort=title" for 127.0.0.1 at 2013-07-27 15:36:41 -0500
  Processing by MoviesController#index as HTML
  Parameters: {"sort"=>"title"}
  [1m[36mMovie Load (20.3ms)[0m  [1mSELECT "movies".* FROM "movies" ORDER BY title[0m
Rendered movies/index.html.haml within layouts/application (11.1ms)
Completed 200 OK in 38ms (Views: 16.3ms | ActiveRecord: 20.7ms)


Started GET "/assets/application.css?body=1" for 127.0.0.1 at 2013-07-27 15:36:41 -0500
Served asset /application.css - 304 Not Modified (0ms)


Started GET "/assets/jquery.js?body=1" for 127.0.0.1 at 2013-07-27 15:36:41 -0500
Served asset /jquery.js - 304 Not Modified (0ms)


Started GET "/assets/application.js?body=1" for 127.0.0.1 at 2013-07-27 15:36:41 -0500
Served asset /application.js - 304 Not Modified (0ms)


Started GET "/assets/jquery_ujs.js?body=1" for 127.0.0.1 at 2013-07-27 15:36:41 -0500
Served asset /jquery_ujs.js - 304 Not Modified (0ms)


Started GET "/movies?sort=title" for 127.0.0.1 at 2013-07-27 15:36:43 -0500
  Processing by MoviesController#index as HTML
  Parameters: {"sort"=>"title"}
  [1m[35mMovie Load (0.3ms)[0m  SELECT "movies".* FROM "movies" ORDER BY title
Rendered movies/index.html.haml within layouts/application (18.0ms)
Completed 200 OK in 30ms (Views: 27.6ms | ActiveRecord: 0.7ms)


Started GET "/assets/application.js?body=1" for 127.0.0.1 at 2013-07-27 15:36:43 -0500
Served asset /application.js - 304 Not Modified (0ms)


Started GET "/assets/application.css?body=1" for 127.0.0.1 at 2013-07-27 15:36:43 -0500
Served asset /application.css - 304 Not Modified (0ms)


Started GET "/assets/jquery.js?body=1" for 127.0.0.1 at 2013-07-27 15:36:43 -0500
Served asset /jquery.js - 304 Not Modified (0ms)


Started GET "/assets/jquery_ujs.js?body=1" for 127.0.0.1 at 2013-07-27 15:36:43 -0500
Served asset /jquery_ujs.js - 304 Not Modified (0ms)


Started GET "/movies?sort=release_date" for 127.0.0.1 at 2013-07-27 15:36:44 -0500
  Processing by MoviesController#index as HTML
  Parameters: {"sort"=>"release_date"}
  [1m[36mMovie Load (13.6ms)[0m  [1mSELECT "movies".* FROM "movies" ORDER BY release_date[0m
Rendered movies/index.html.haml within layouts/application (11.4ms)
Completed 200 OK in 65ms (Views: 49.4ms | ActiveRecord: 13.9ms)


Started GET "/assets/jquery.js?body=1" for 127.0.0.1 at 2013-07-27 15:36:44 -0500
Served asset /jquery.js - 304 Not Modified (0ms)


Started GET "/assets/jquery_ujs.js?body=1" for 127.0.0.1 at 2013-07-27 15:36:44 -0500
Served asset /jquery_ujs.js - 304 Not Modified (0ms)


Started GET "/assets/application.css?body=1" for 127.0.0.1 at 2013-07-27 15:36:44 -0500
Served asset /application.css - 304 Not Modified (0ms)


Started GET "/assets/application.js?body=1" for 127.0.0.1 at 2013-07-27 15:36:44 -0500
Served asset /application.js - 304 Not Modified (0ms)


Started GET "/movies?sort=release_date" for 127.0.0.1 at 2013-07-27 15:36:46 -0500
  Processing by MoviesController#index as HTML
  Parameters: {"sort"=>"release_date"}
  [1m[35mMovie Load (0.2ms)[0m  SELECT "movies".* FROM "movies" ORDER BY release_date
Rendered movies/index.html.haml within layouts/application (12.8ms)
Completed 200 OK in 20ms (Views: 18.6ms | ActiveRecord: 0.6ms)


Started GET "/assets/jquery.js?body=1" for 127.0.0.1 at 2013-07-27 15:36:46 -0500
Served asset /jquery.js - 304 Not Modified (0ms)


Started GET "/assets/application.css?body=1" for 127.0.0.1 at 2013-07-27 15:36:46 -0500
Served asset /application.css - 304 Not Modified (0ms)


Started GET "/assets/jquery_ujs.js?body=1" for 127.0.0.1 at 2013-07-27 15:36:46 -0500
Served asset /jquery_ujs.js - 304 Not Modified (0ms)


Started GET "/assets/application.js?body=1" for 127.0.0.1 at 2013-07-27 15:36:46 -0500
Served asset /application.js - 304 Not Modified (0ms)


Started GET "/movies?sort=release_date" for 127.0.0.1 at 2013-07-27 15:36:47 -0500
  Processing by MoviesController#index as HTML
  Parameters: {"sort"=>"release_date"}
  [1m[36mMovie Load (0.3ms)[0m  [1mSELECT "movies".* FROM "movies" ORDER BY release_date[0m
Rendered movies/index.html.haml within layouts/application (42.0ms)
Completed 200 OK in 51ms (Views: 48.3ms | ActiveRecord: 0.7ms)


Started GET "/assets/application.css?body=1" for 127.0.0.1 at 2013-07-27 15:36:47 -0500
Served asset /application.css - 304 Not Modified (0ms)


Started GET "/assets/jquery.js?body=1" for 127.0.0.1 at 2013-07-27 15:36:47 -0500
Served asset /jquery.js - 304 Not Modified (0ms)


Started GET "/assets/application.js?body=1" for 127.0.0.1 at 2013-07-27 15:36:47 -0500
Served asset /application.js - 304 Not Modified (0ms)


Started GET "/assets/jquery_ujs.js?body=1" for 127.0.0.1 at 2013-07-27 15:36:47 -0500
Served asset /jquery_ujs.js - 304 Not Modified (0ms)


Started GET "/movies?sort=release_date" for 127.0.0.1 at 2013-07-27 15:36:48 -0500
  Processing by MoviesController#index as HTML
  Parameters: {"sort"=>"release_date"}
  [1m[35mMovie Load (0.3ms)[0m  SELECT "movies".* FROM "movies" ORDER BY release_date
Rendered movies/index.html.haml within layouts/application (12.5ms)
Completed 200 OK in 21ms (Views: 18.7ms | ActiveRecord: 0.7ms)


Started GET "/assets/application.css?body=1" for 127.0.0.1 at 2013-07-27 15:36:48 -0500
Served asset /application.css - 304 Not Modified (0ms)


Started GET "/assets/jquery.js?body=1" for 127.0.0.1 at 2013-07-27 15:36:48 -0500
Served asset /jquery.js - 304 Not Modified (0ms)


Started GET "/assets/jquery_ujs.js?body=1" for 127.0.0.1 at 2013-07-27 15:36:48 -0500
Served asset /jquery_ujs.js - 304 Not Modified (0ms)


Started GET "/assets/application.js?body=1" for 127.0.0.1 at 2013-07-27 15:36:48 -0500
Served asset /application.js - 304 Not Modified (0ms)


Started GET "/movies" for 127.0.0.1 at 2013-07-27 15:36:57 -0500
  Processing by MoviesController#index as HTML
  [1m[36mMovie Load (0.2ms)[0m  [1mSELECT "movies".* FROM "movies" [0m
Rendered movies/index.html.haml within layouts/application (42.5ms)
Completed 200 OK in 52ms (Views: 50.1ms | ActiveRecord: 0.7ms)


Started GET "/assets/application.css?body=1" for 127.0.0.1 at 2013-07-27 15:36:57 -0500
Served asset /application.css - 304 Not Modified (0ms)


Started GET "/assets/jquery.js?body=1" for 127.0.0.1 at 2013-07-27 15:36:57 -0500
Served asset /jquery.js - 304 Not Modified (0ms)


Started GET "/assets/jquery_ujs.js?body=1" for 127.0.0.1 at 2013-07-27 15:36:57 -0500
Served asset /jquery_ujs.js - 304 Not Modified (0ms)


Started GET "/assets/application.js?body=1" for 127.0.0.1 at 2013-07-27 15:36:57 -0500
Served asset /application.js - 304 Not Modified (0ms)


Started GET "/movies?sort=title" for 127.0.0.1 at 2013-07-27 15:36:59 -0500
  Processing by MoviesController#index as HTML
  Parameters: {"sort"=>"title"}
  [1m[35mMovie Load (0.2ms)[0m  SELECT "movies".* FROM "movies" ORDER BY title
Rendered movies/index.html.haml within layouts/application (11.4ms)
Completed 200 OK in 20ms (Views: 17.6ms | ActiveRecord: 0.5ms)


Started GET "/assets/jquery.js?body=1" for 127.0.0.1 at 2013-07-27 15:36:59 -0500
Served asset /jquery.js - 304 Not Modified (0ms)


Started GET "/assets/application.css?body=1" for 127.0.0.1 at 2013-07-27 15:36:59 -0500
Served asset /application.css - 304 Not Modified (0ms)


Started GET "/assets/application.js?body=1" for 127.0.0.1 at 2013-07-27 15:36:59 -0500
Served asset /application.js - 304 Not Modified (0ms)


Started GET "/assets/jquery_ujs.js?body=1" for 127.0.0.1 at 2013-07-27 15:36:59 -0500
Served asset /jquery_ujs.js - 304 Not Modified (0ms)


Started GET "/movies?sort=title" for 127.0.0.1 at 2013-07-27 15:37:14 -0500
  Processing by MoviesController#index as HTML
  Parameters: {"sort"=>"title"}
  [1m[36mMovie Load (0.3ms)[0m  [1mSELECT "movies".* FROM "movies" ORDER BY title[0m
Rendered movies/index.html.haml within layouts/application (48.2ms)
Completed 200 OK in 79ms (Views: 76.6ms | ActiveRecord: 0.7ms)


Started GET "/assets/application.css?body=1" for 127.0.0.1 at 2013-07-27 15:37:15 -0500
Served asset /application.css - 304 Not Modified (0ms)


Started GET "/assets/jquery.js?body=1" for 127.0.0.1 at 2013-07-27 15:37:15 -0500
Served asset /jquery.js - 304 Not Modified (0ms)


Started GET "/assets/jquery_ujs.js?body=1" for 127.0.0.1 at 2013-07-27 15:37:15 -0500
Served asset /jquery_ujs.js - 304 Not Modified (0ms)


Started GET "/assets/application.js?body=1" for 127.0.0.1 at 2013-07-27 15:37:15 -0500
Served asset /application.js - 304 Not Modified (0ms)


Started GET "/movies?sort=title" for 127.0.0.1 at 2013-07-27 15:37:23 -0500
  Processing by MoviesController#index as HTML
  Parameters: {"sort"=>"title"}
  [1m[35mMovie Load (7.4ms)[0m  SELECT "movies".* FROM "movies" ORDER BY title
Rendered movies/index.html.haml within layouts/application (16.5ms)
Completed 200 OK in 33ms (Views: 24.0ms | ActiveRecord: 7.9ms)


Started GET "/assets/jquery.js?body=1" for 127.0.0.1 at 2013-07-27 15:37:23 -0500
Served asset /jquery.js - 304 Not Modified (0ms)


Started GET "/assets/application.css?body=1" for 127.0.0.1 at 2013-07-27 15:37:23 -0500
Served asset /application.css - 304 Not Modified (0ms)


Started GET "/assets/application.js?body=1" for 127.0.0.1 at 2013-07-27 15:37:23 -0500
Served asset /application.js - 304 Not Modified (0ms)


Started GET "/assets/jquery_ujs.js?body=1" for 127.0.0.1 at 2013-07-27 15:37:23 -0500
Served asset /jquery_ujs.js - 304 Not Modified (0ms)


Started GET "/movies?sort=title" for 127.0.0.1 at 2013-07-27 15:39:57 -0500
  Processing by MoviesController#index as HTML
  Parameters: {"sort"=>"title"}
  [1m[36mMovie Load (11.6ms)[0m  [1mSELECT "movies".* FROM "movies" ORDER BY title[0m
Rendered movies/index.html.haml within layouts/application (10.5ms)
Completed 200 OK in 30ms (Views: 16.3ms | ActiveRecord: 12.0ms)


Started GET "/assets/application.css?body=1" for 127.0.0.1 at 2013-07-27 15:39:58 -0500
Served asset /application.css - 304 Not Modified (0ms)


Started GET "/assets/jquery.js?body=1" for 127.0.0.1 at 2013-07-27 15:39:58 -0500
Served asset /jquery.js - 304 Not Modified (0ms)


Started GET "/assets/application.js?body=1" for 127.0.0.1 at 2013-07-27 15:39:58 -0500
Served asset /application.js - 304 Not Modified (0ms)


Started GET "/assets/jquery_ujs.js?body=1" for 127.0.0.1 at 2013-07-27 15:39:58 -0500
Served asset /jquery_ujs.js - 304 Not Modified (0ms)


Started GET "/movies?sort=title" for 127.0.0.1 at 2013-07-27 15:42:38 -0500
  Processing by MoviesController#index as HTML
  Parameters: {"sort"=>"title"}
  [1m[35mMovie Load (0.5ms)[0m  SELECT "movies".* FROM "movies" ORDER BY title
Rendered movies/index.html.haml within layouts/application (14.9ms)
Compiled application.css  (0ms)  (pid 14067)
Completed 200 OK in 74ms (Views: 71.5ms | ActiveRecord: 0.9ms)


Started GET "/assets/application.js?body=1" for 127.0.0.1 at 2013-07-27 15:42:38 -0500
Served asset /application.js - 304 Not Modified (0ms)


Started GET "/assets/application.css?body=1" for 127.0.0.1 at 2013-07-27 15:42:38 -0500
Served asset /application.css - 200 OK (20ms)


Started GET "/assets/jquery.js?body=1" for 127.0.0.1 at 2013-07-27 15:42:38 -0500
Served asset /jquery.js - 304 Not Modified (0ms)


Started GET "/assets/jquery_ujs.js?body=1" for 127.0.0.1 at 2013-07-27 15:42:38 -0500
Served asset /jquery_ujs.js - 304 Not Modified (0ms)


Started GET "/movies?sort=title" for 127.0.0.1 at 2013-07-27 15:43:19 -0500
  Processing by MoviesController#index as HTML
  Parameters: {"sort"=>"title"}
  [1m[36mMovie Load (0.2ms)[0m  [1mSELECT "movies".* FROM "movies" ORDER BY title[0m
Rendered movies/index.html.haml within layouts/application (14.2ms)
Completed 200 OK in 22ms (Views: 19.9ms | ActiveRecord: 0.5ms)


Started GET "/assets/application.css?body=1" for 127.0.0.1 at 2013-07-27 15:43:19 -0500
Served asset /application.css - 304 Not Modified (0ms)


Started GET "/assets/application.js?body=1" for 127.0.0.1 at 2013-07-27 15:43:19 -0500
Served asset /application.js - 304 Not Modified (0ms)


Started GET "/assets/jquery.js?body=1" for 127.0.0.1 at 2013-07-27 15:43:19 -0500
Served asset /jquery.js - 304 Not Modified (0ms)


Started GET "/assets/jquery_ujs.js?body=1" for 127.0.0.1 at 2013-07-27 15:43:19 -0500
Served asset /jquery_ujs.js - 304 Not Modified (0ms)


Started GET "/movies?sort=title" for 127.0.0.1 at 2013-07-27 15:48:55 -0500
  Processing by MoviesController#index as HTML
  Parameters: {"sort"=>"title"}
  [1m[36mMovie Load (0.6ms)[0m  [1mSELECT "movies".* FROM "movies" ORDER BY title[0m
Rendered movies/index.html.haml within layouts/application (46.2ms)
Completed 200 OK in 136ms (Views: 133.6ms | ActiveRecord: 0.7ms)


Started GET "/assets/application.css?body=1" for 127.0.0.1 at 2013-07-27 15:48:56 -0500
Served asset /application.css - 304 Not Modified (0ms)


Started GET "/assets/jquery.js?body=1" for 127.0.0.1 at 2013-07-27 15:48:56 -0500
Served asset /jquery.js - 304 Not Modified (4ms)


Started GET "/assets/jquery_ujs.js?body=1" for 127.0.0.1 at 2013-07-27 15:48:56 -0500
Served asset /jquery_ujs.js - 304 Not Modified (2ms)


Started GET "/assets/application.js?body=1" for 127.0.0.1 at 2013-07-27 15:48:56 -0500
Served asset /application.js - 304 Not Modified (6ms)


Started GET "/movies" for 127.0.0.1 at 2013-07-27 15:50:46 -0500
  Processing by MoviesController#index as HTML
  [1m[35mMovie Load (0.5ms)[0m  SELECT "movies".* FROM "movies" 
Rendered movies/index.html.haml within layouts/application (10.0ms)
Completed 200 OK in 40ms (Views: 38.5ms | ActiveRecord: 0.8ms)


Started GET "/assets/application.css?body=1" for 127.0.0.1 at 2013-07-27 15:50:46 -0500
Served asset /application.css - 304 Not Modified (0ms)


Started GET "/assets/jquery.js?body=1" for 127.0.0.1 at 2013-07-27 15:50:46 -0500
Served asset /jquery.js - 304 Not Modified (0ms)


Started GET "/assets/jquery_ujs.js?body=1" for 127.0.0.1 at 2013-07-27 15:50:46 -0500
Served asset /jquery_ujs.js - 304 Not Modified (0ms)


Started GET "/assets/application.js?body=1" for 127.0.0.1 at 2013-07-27 15:50:46 -0500
Served asset /application.js - 304 Not Modified (0ms)


Started GET "/movies" for 127.0.0.1 at 2013-07-27 15:51:01 -0500
  Processing by MoviesController#index as HTML
  [1m[36mMovie Load (0.2ms)[0m  [1mSELECT "movies".* FROM "movies" [0m
Rendered movies/index.html.haml within layouts/application (16.0ms)
Completed 200 OK in 24ms (Views: 22.1ms | ActiveRecord: 0.6ms)


Started GET "/assets/jquery.js?body=1" for 127.0.0.1 at 2013-07-27 15:51:01 -0500
Served asset /jquery.js - 304 Not Modified (0ms)


Started GET "/assets/application.css?body=1" for 127.0.0.1 at 2013-07-27 15:51:01 -0500
Served asset /application.css - 304 Not Modified (0ms)


Started GET "/assets/jquery_ujs.js?body=1" for 127.0.0.1 at 2013-07-27 15:51:01 -0500
Served asset /jquery_ujs.js - 304 Not Modified (0ms)


Started GET "/assets/application.js?body=1" for 127.0.0.1 at 2013-07-27 15:51:01 -0500
Served asset /application.js - 304 Not Modified (0ms)


Started GET "/movies?sort=title" for 127.0.0.1 at 2013-07-27 15:51:03 -0500
  Processing by MoviesController#index as HTML
  Parameters: {"sort"=>"title"}
  [1m[35mMovie Load (20.8ms)[0m  SELECT "movies".* FROM "movies" ORDER BY title
Rendered movies/index.html.haml within layouts/application (10.5ms)
Completed 200 OK in 39ms (Views: 16.0ms | ActiveRecord: 21.2ms)


Started GET "/assets/application.css?body=1" for 127.0.0.1 at 2013-07-27 15:51:03 -0500
Served asset /application.css - 304 Not Modified (0ms)


Started GET "/assets/jquery_ujs.js?body=1" for 127.0.0.1 at 2013-07-27 15:51:03 -0500
Served asset /jquery_ujs.js - 304 Not Modified (0ms)


Started GET "/assets/application.js?body=1" for 127.0.0.1 at 2013-07-27 15:51:03 -0500
Served asset /application.js - 304 Not Modified (0ms)


Started GET "/assets/jquery.js?body=1" for 127.0.0.1 at 2013-07-27 15:51:03 -0500
Served asset /jquery.js - 304 Not Modified (0ms)


Started GET "/movies?sort=release_date" for 127.0.0.1 at 2013-07-27 15:51:05 -0500
  Processing by MoviesController#index as HTML
  Parameters: {"sort"=>"release_date"}
  [1m[36mMovie Load (0.3ms)[0m  [1mSELECT "movies".* FROM "movies" ORDER BY release_date[0m
Rendered movies/index.html.haml within layouts/application (15.3ms)
Completed 200 OK in 26ms (Views: 23.4ms | ActiveRecord: 0.7ms)


Started GET "/assets/application.css?body=1" for 127.0.0.1 at 2013-07-27 15:51:05 -0500
Served asset /application.css - 304 Not Modified (0ms)


Started GET "/assets/jquery_ujs.js?body=1" for 127.0.0.1 at 2013-07-27 15:51:05 -0500
Served asset /jquery_ujs.js - 304 Not Modified (0ms)


Started GET "/assets/jquery.js?body=1" for 127.0.0.1 at 2013-07-27 15:51:05 -0500
Served asset /jquery.js - 304 Not Modified (0ms)


Started GET "/assets/application.js?body=1" for 127.0.0.1 at 2013-07-27 15:51:05 -0500
Served asset /application.js - 304 Not Modified (0ms)


Started GET "/movies/7" for 127.0.0.1 at 2013-07-27 15:51:07 -0500
  Processing by MoviesController#show as HTML
  Parameters: {"id"=>"7"}
  [1m[35mMovie Load (0.2ms)[0m  SELECT "movies".* FROM "movies" WHERE "movies"."id" = ? LIMIT 1  [["id", "7"]]
Rendered movies/show.html.haml within layouts/application (9.4ms)
Completed 200 OK in 37ms (Views: 34.5ms | ActiveRecord: 0.5ms)


Started GET "/assets/application.css?body=1" for 127.0.0.1 at 2013-07-27 15:51:07 -0500
Served asset /application.css - 304 Not Modified (1ms)


Started GET "/assets/jquery.js?body=1" for 127.0.0.1 at 2013-07-27 15:51:07 -0500
Served asset /jquery.js - 304 Not Modified (0ms)


Started GET "/assets/application.js?body=1" for 127.0.0.1 at 2013-07-27 15:51:07 -0500
Served asset /application.js - 304 Not Modified (0ms)


Started GET "/assets/jquery_ujs.js?body=1" for 127.0.0.1 at 2013-07-27 15:51:07 -0500
Served asset /jquery_ujs.js - 304 Not Modified (0ms)


Started GET "/movies?sort=release_date" for 127.0.0.1 at 2013-07-27 15:53:04 -0500
  Processing by MoviesController#index as HTML
  Parameters: {"sort"=>"release_date"}
  [1m[36mMovie Load (0.5ms)[0m  [1mSELECT "movies".* FROM "movies" ORDER BY release_date[0m
Rendered movies/index.html.haml within layouts/application (15.0ms)
Compiled application.css  (0ms)  (pid 14246)
Completed 200 OK in 49ms (Views: 47.4ms | ActiveRecord: 0.8ms)


Started GET "/assets/jquery.js?body=1" for 127.0.0.1 at 2013-07-27 15:53:04 -0500
Served asset /jquery.js - 304 Not Modified (0ms)


Started GET "/assets/jquery_ujs.js?body=1" for 127.0.0.1 at 2013-07-27 15:53:04 -0500
Served asset /jquery_ujs.js - 304 Not Modified (0ms)


Started GET "/assets/application.js?body=1" for 127.0.0.1 at 2013-07-27 15:53:04 -0500
Served asset /application.js - 304 Not Modified (0ms)


Started GET "/assets/application.css?body=1" for 127.0.0.1 at 2013-07-27 15:53:04 -0500
Served asset /application.css - 200 OK (1ms)


Started GET "/movies?sort=release_date" for 127.0.0.1 at 2013-07-27 15:53:05 -0500
  Processing by MoviesController#index as HTML
  Parameters: {"sort"=>"release_date"}
  [1m[35mMovie Load (0.3ms)[0m  SELECT "movies".* FROM "movies" ORDER BY release_date
Rendered movies/index.html.haml within layouts/application (15.8ms)
Completed 200 OK in 29ms (Views: 26.1ms | ActiveRecord: 0.8ms)


Started GET "/assets/application.css?body=1" for 127.0.0.1 at 2013-07-27 15:53:06 -0500
Served asset /application.css - 304 Not Modified (0ms)


Started GET "/assets/jquery_ujs.js?body=1" for 127.0.0.1 at 2013-07-27 15:53:06 -0500
Served asset /jquery_ujs.js - 304 Not Modified (0ms)


Started GET "/assets/jquery.js?body=1" for 127.0.0.1 at 2013-07-27 15:53:06 -0500
Served asset /jquery.js - 304 Not Modified (0ms)


Started GET "/assets/application.js?body=1" for 127.0.0.1 at 2013-07-27 15:53:06 -0500
Served asset /application.js - 304 Not Modified (0ms)


Started GET "/movies?sort=title" for 127.0.0.1 at 2013-07-27 15:53:07 -0500
  Processing by MoviesController#index as HTML
  Parameters: {"sort"=>"title"}
  [1m[36mMovie Load (0.2ms)[0m  [1mSELECT "movies".* FROM "movies" ORDER BY title[0m
Rendered movies/index.html.haml within layouts/application (13.6ms)
Completed 200 OK in 22ms (Views: 20.1ms | ActiveRecord: 0.6ms)


Started GET "/assets/application.css?body=1" for 127.0.0.1 at 2013-07-27 15:53:07 -0500
Served asset /application.css - 304 Not Modified (0ms)


Started GET "/assets/jquery.js?body=1" for 127.0.0.1 at 2013-07-27 15:53:07 -0500
Served asset /jquery.js - 304 Not Modified (0ms)


Started GET "/assets/jquery_ujs.js?body=1" for 127.0.0.1 at 2013-07-27 15:53:07 -0500
Served asset /jquery_ujs.js - 304 Not Modified (0ms)


Started GET "/assets/application.js?body=1" for 127.0.0.1 at 2013-07-27 15:53:07 -0500
Served asset /application.js - 304 Not Modified (0ms)


Started GET "/movies?sort=release_date" for 127.0.0.1 at 2013-07-27 15:53:08 -0500
  Processing by MoviesController#index as HTML
  Parameters: {"sort"=>"release_date"}
  [1m[35mMovie Load (0.2ms)[0m  SELECT "movies".* FROM "movies" ORDER BY release_date
Rendered movies/index.html.haml within layouts/application (10.7ms)
Completed 200 OK in 18ms (Views: 16.6ms | ActiveRecord: 0.5ms)


Started GET "/assets/application.css?body=1" for 127.0.0.1 at 2013-07-27 15:53:08 -0500
Served asset /application.css - 304 Not Modified (0ms)


Started GET "/assets/jquery_ujs.js?body=1" for 127.0.0.1 at 2013-07-27 15:53:08 -0500
Served asset /jquery_ujs.js - 304 Not Modified (0ms)


Started GET "/assets/application.js?body=1" for 127.0.0.1 at 2013-07-27 15:53:08 -0500
Served asset /application.js - 304 Not Modified (0ms)


Started GET "/assets/jquery.js?body=1" for 127.0.0.1 at 2013-07-27 15:53:08 -0500
Served asset /jquery.js - 304 Not Modified (0ms)


Started GET "/movies?sort=title" for 127.0.0.1 at 2013-07-27 15:53:09 -0500
  Processing by MoviesController#index as HTML
  Parameters: {"sort"=>"title"}
  [1m[36mMovie Load (0.3ms)[0m  [1mSELECT "movies".* FROM "movies" ORDER BY title[0m
Rendered movies/index.html.haml within layouts/application (12.4ms)
Completed 200 OK in 22ms (Views: 19.9ms | ActiveRecord: 0.7ms)


Started GET "/assets/application.css?body=1" for 127.0.0.1 at 2013-07-27 15:53:09 -0500
Served asset /application.css - 304 Not Modified (0ms)


Started GET "/assets/jquery.js?body=1" for 127.0.0.1 at 2013-07-27 15:53:09 -0500
Served asset /jquery.js - 304 Not Modified (0ms)


Started GET "/assets/jquery_ujs.js?body=1" for 127.0.0.1 at 2013-07-27 15:53:09 -0500
Served asset /jquery_ujs.js - 304 Not Modified (0ms)


Started GET "/assets/application.js?body=1" for 127.0.0.1 at 2013-07-27 15:53:09 -0500
Served asset /application.js - 304 Not Modified (0ms)


Started GET "/assets/rails.png" for 127.0.0.1 at 2013-07-27 15:54:31 -0500
Served asset /rails.png - 304 Not Modified (8ms)


Started GET "/movies" for 127.0.0.1 at 2013-07-27 15:54:38 -0500
  Processing by MoviesController#index as HTML
  [1m[35mMovie Load (0.2ms)[0m  SELECT "movies".* FROM "movies" 
Rendered movies/index.html.haml within layouts/application (14.5ms)
Completed 200 OK in 23ms (Views: 20.6ms | ActiveRecord: 0.7ms)


Started GET "/assets/application.css?body=1" for 127.0.0.1 at 2013-07-27 15:54:38 -0500
Served asset /application.css - 304 Not Modified (0ms)


Started GET "/assets/application.js?body=1" for 127.0.0.1 at 2013-07-27 15:54:38 -0500
Served asset /application.js - 304 Not Modified (0ms)


Started GET "/assets/jquery_ujs.js?body=1" for 127.0.0.1 at 2013-07-27 15:54:38 -0500
Served asset /jquery_ujs.js - 304 Not Modified (0ms)


Started GET "/assets/jquery.js?body=1" for 127.0.0.1 at 2013-07-27 15:54:38 -0500
Served asset /jquery.js - 304 Not Modified (0ms)


Started GET "/movies?sort=release_date" for 127.0.0.1 at 2013-07-27 15:54:41 -0500
  Processing by MoviesController#index as HTML
  Parameters: {"sort"=>"release_date"}
  [1m[36mMovie Load (0.2ms)[0m  [1mSELECT "movies".* FROM "movies" ORDER BY release_date[0m
Rendered movies/index.html.haml within layouts/application (11.8ms)
Completed 200 OK in 22ms (Views: 19.6ms | ActiveRecord: 0.6ms)


Started GET "/assets/application.css?body=1" for 127.0.0.1 at 2013-07-27 15:54:41 -0500
Served asset /application.css - 304 Not Modified (0ms)


Started GET "/assets/jquery.js?body=1" for 127.0.0.1 at 2013-07-27 15:54:41 -0500
Served asset /jquery.js - 304 Not Modified (0ms)


Started GET "/assets/jquery_ujs.js?body=1" for 127.0.0.1 at 2013-07-27 15:54:41 -0500
Served asset /jquery_ujs.js - 304 Not Modified (0ms)


Started GET "/assets/application.js?body=1" for 127.0.0.1 at 2013-07-27 15:54:41 -0500
Served asset /application.js - 304 Not Modified (0ms)


Started GET "/movies?sort=title" for 127.0.0.1 at 2013-07-27 15:54:42 -0500
  Processing by MoviesController#index as HTML
  Parameters: {"sort"=>"title"}
  [1m[35mMovie Load (0.2ms)[0m  SELECT "movies".* FROM "movies" ORDER BY title
Rendered movies/index.html.haml within layouts/application (10.6ms)
Completed 200 OK in 17ms (Views: 15.7ms | ActiveRecord: 0.6ms)


Started GET "/assets/application.css?body=1" for 127.0.0.1 at 2013-07-27 15:54:42 -0500
Served asset /application.css - 304 Not Modified (0ms)


Started GET "/assets/jquery.js?body=1" for 127.0.0.1 at 2013-07-27 15:54:42 -0500
Served asset /jquery.js - 304 Not Modified (0ms)


Started GET "/assets/jquery_ujs.js?body=1" for 127.0.0.1 at 2013-07-27 15:54:42 -0500
Served asset /jquery_ujs.js - 304 Not Modified (0ms)


Started GET "/assets/application.js?body=1" for 127.0.0.1 at 2013-07-27 15:54:42 -0500
Served asset /application.js - 304 Not Modified (0ms)


Started GET "/movies" for 127.0.0.1 at 2013-07-27 16:14:16 -0500
  Processing by MoviesController#index as HTML
  [1m[36mMovie Load (19.7ms)[0m  [1mSELECT "movies".* FROM "movies" [0m
Rendered movies/index.html.haml within layouts/application (10.2ms)
Completed 500 Internal Server Error in 246ms

ActionView::Template::Error (You have a nil object when you didn't expect it!
You might have expected an instance of Array.
The error occurred while evaluating nil.each):
    3: 
    4: = form_tag movies_path, :method => :get do
    5:   Include:
    6:   - @all_ratings.each do |rating|
    7:     = rating
    8:     = check_box_tag "ratings[#{rating}]"
    9:   = submit_tag 'Refresh'
  app/views/movies/index.html.haml:6:in `block in _app_views_movies_index_html_haml__3960467369423445338_70240430476460'
  app/views/movies/index.html.haml:4:in `_app_views_movies_index_html_haml__3960467369423445338_70240430476460'

Rendered /Users/vutukurimahesh/.rvm/gems/ruby-1.9.2-p320/gems/actionpack-3.1.0/lib/action_dispatch/middleware/templates/rescues/_trace.erb (1.5ms)
Rendered /Users/vutukurimahesh/.rvm/gems/ruby-1.9.2-p320/gems/actionpack-3.1.0/lib/action_dispatch/middleware/templates/rescues/_request_and_response.erb (1.0ms)
Rendered /Users/vutukurimahesh/.rvm/gems/ruby-1.9.2-p320/gems/actionpack-3.1.0/lib/action_dispatch/middleware/templates/rescues/template_error.erb within rescues/layout (30.5ms)


Started GET "/movies" for 127.0.0.1 at 2013-07-27 16:24:43 -0500
  Processing by MoviesController#index as HTML
  [1m[35mMovie Load (0.4ms)[0m  SELECT "movies".* FROM "movies" 
Rendered movies/index.html.haml within layouts/application (1.3ms)
Completed 500 Internal Server Error in 31ms

ActionView::Template::Error (You have a nil object when you didn't expect it!
You might have expected an instance of Array.
The error occurred while evaluating nil.each):
    3: 
    4: = form_tag movies_path, :method => :get do
    5:   Include:
    6:   - @all_ratings.each do |rating|
    7:     = rating
    8:     = check_box_tag "ratings[#{rating}]"
    9:   = submit_tag 'Refresh'
  app/views/movies/index.html.haml:6:in `block in _app_views_movies_index_html_haml__3960467369423445338_70240430476460'
  app/views/movies/index.html.haml:4:in `_app_views_movies_index_html_haml__3960467369423445338_70240430476460'

Rendered /Users/vutukurimahesh/.rvm/gems/ruby-1.9.2-p320/gems/actionpack-3.1.0/lib/action_dispatch/middleware/templates/rescues/_trace.erb (1.5ms)
Rendered /Users/vutukurimahesh/.rvm/gems/ruby-1.9.2-p320/gems/actionpack-3.1.0/lib/action_dispatch/middleware/templates/rescues/_request_and_response.erb (0.9ms)
Rendered /Users/vutukurimahesh/.rvm/gems/ruby-1.9.2-p320/gems/actionpack-3.1.0/lib/action_dispatch/middleware/templates/rescues/template_error.erb within rescues/layout (30.4ms)


Started GET "/movies" for 127.0.0.1 at 2013-07-27 16:28:52 -0500
  Processing by MoviesController#index as HTML
  [1m[36mMovie Load (38.6ms)[0m  [1mSELECT "movies".* FROM "movies" [0m
ERROR: compiling _app_views_movies_index_html_haml__3960467369423445338_70240423759060 RAISED /Users/vutukurimahesh/Cloud Computing/Ruby on Rails/CS169X/Homework2/srimahesh/hw2_rottenpotatoes/app/views/movies/index.html.haml:29: syntax error, unexpected '<'
..._false_true_false_true_false((<%= #{@all_ratings}>
...                               ^
/Users/vutukurimahesh/Cloud Computing/Ruby on Rails/CS169X/Homework2/srimahesh/hw2_rottenpotatoes/app/views/movies/index.html.haml:30: syntax error, unexpected tIVAR, expecting ')'
...ure;@haml_buffer = @haml_buffer.upper if @haml_buffer;end;
...                               ^
/Users/vutukurimahesh/Cloud Computing/Ruby on Rails/CS169X/Homework2/srimahesh/hw2_rottenpotatoes/app/views/movies/index.html.haml:30: syntax error, unexpected keyword_end, expecting ')'
...uffer.upper if @haml_buffer;end;
...                               ^
/Users/vutukurimahesh/Cloud Computing/Ruby on Rails/CS169X/Homework2/srimahesh/hw2_rottenpotatoes/app/views/movies/index.html.haml:33: syntax error, unexpected keyword_end, expecting ')'
Function body:           def _app_views_movies_index_html_haml__3960467369423445338_70240423759060(local_assigns, output_buffer)
            _old_virtual_path, @virtual_path = @virtual_path, "movies/index";_old_output_buffer = @output_buffer;;begin;extend Haml::Helpers;_hamlout = @haml_buffer = Haml::Buffer.new(@haml_buffer, {:autoclose=>["meta", "img", "link", "br", "hr", "input", "area", "param", "col", "base"], :preserve=>["textarea", "pre", "code"], :attr_wrapper=>"'", :ugly=>false, :format=>:html5, :encoding=>"UTF-8", :escape_html=>true, :escape_attrs=>true});_erbout = _hamlout.buffer;__in_erb_template = true;;_hamlout.push_text("<h1>All Movies</h1>\n", 0, false);


haml_temp =  form_tag movies_path, :method => :get do
_hamlout.push_text("Include:\n", 0, false);
 @all_ratings.each do |rating|
_hamlout.push_text("#{_hamlout.format_script_false_false_false_true_false_true_false(( rating
));}\n#{_hamlout.format_script_false_false_false_true_false_true_false(( check_box_tag "ratings[#{rating}]"
));}\n", 0, false);end
_hamlout.push_text("#{_hamlout.format_script_false_false_false_true_false_true_false(( submit_tag 'Refresh'
));}\n", 0, false);end
_hamlout.buffer << _hamlout.format_script_false_false_false_true_false_false_false(haml_temp);_hamlout.push_text("\n<table id='movies'>\n  <thead>\n    <tr>\n      <th#{_hamlout.adjust_tabs(3); 

_hamlout.attributes({}, nil, :class => ("hilite" if @sort=="title"))}>#{_hamlout.adjust_tabs(1); _hamlout.format_script_false_true_false_true_false_true_false((link_to "Movie Title", movies_path({:sort=>:title}) , :id => "title_header"
));}</th>\n      <th>Rating</th>\n      <th#{
_hamlout.attributes({}, nil, :class => ("hilite" if @sort=="release_date"))}>#{_hamlout.adjust_tabs(1); _hamlout.format_script_false_true_false_true_false_true_false((link_to "Release Date", movies_path({:sort=>:release_date}), :id => "release_date_header"
));}</th>\n      <th>More Info</th>\n    </tr>\n  </thead>\n  <tbody>\n", -1, false);


 @movies.each do |movie|
_hamlout.push_text("    <tr>\n      <td>#{_hamlout.adjust_tabs(2); 
_hamlout.format_script_false_true_false_true_false_true_false((movie.title
));}</td>\n      <td>#{_hamlout.adjust_tabs(1); _hamlout.format_script_false_true_false_true_false_true_false((movie.rating
));}</td>\n      <td>#{_hamlout.adjust_tabs(1); _hamlout.format_script_false_true_false_true_false_true_false((movie.release_date
));}</td>\n      <td>#{_hamlout.adjust_tabs(1); _hamlout.format_script_false_true_false_true_false_true_false((link_to "More about #{movie.title}", movie_path(movie)
));}</td>\n    </tr>\n", -1, false);end
_hamlout.push_text("  </tbody>\n</table>\n#{_hamlout.adjust_tabs(-2); _hamlout.format_script_false_false_false_true_false_true_false(( link_to 'Add new movie', new_movie_path
));}\n<p>#{_hamlout.adjust_tabs(1); 
_hamlout.format_script_false_true_false_true_false_true_false((<%= #{@all_ratings}>
));}</p>\n", 0, false);::Haml::Util.html_safe(_erbout);ensure;@haml_buffer = @haml_buffer.upper if @haml_buffer;end;
          ensure
            @virtual_path, @output_buffer = _old_virtual_path, _old_output_buffer
          end
Backtrace: /Users/vutukurimahesh/.rvm/gems/ruby-1.9.2-p320/gems/actionpack-3.1.0/lib/action_view/template.rb:282:in `module_eval'
/Users/vutukurimahesh/.rvm/gems/ruby-1.9.2-p320/gems/actionpack-3.1.0/lib/action_view/template.rb:282:in `compile'
/Users/vutukurimahesh/.rvm/gems/ruby-1.9.2-p320/gems/actionpack-3.1.0/lib/action_view/template.rb:190:in `compile!'
/Users/vutukurimahesh/.rvm/gems/ruby-1.9.2-p320/gems/actionpack-3.1.0/lib/action_view/template.rb:143:in `block in render'
/Users/vutukurimahesh/.rvm/gems/ruby-1.9.2-p320/gems/activesupport-3.1.0/lib/active_support/notifications.rb:55:in `instrument'
/Users/vutukurimahesh/.rvm/gems/ruby-1.9.2-p320/gems/actionpack-3.1.0/lib/action_view/template.rb:142:in `render'
/Users/vutukurimahesh/.rvm/gems/ruby-1.9.2-p320/gems/actionpack-3.1.0/lib/action_view/renderer/template_renderer.rb:40:in `block (2 levels) in render_template'
/Users/vutukurimahesh/.rvm/gems/ruby-1.9.2-p320/gems/actionpack-3.1.0/lib/action_view/renderer/abstract_renderer.rb:33:in `block in instrument'
/Users/vutukurimahesh/.rvm/gems/ruby-1.9.2-p320/gems/activesupport-3.1.0/lib/active_support/notifications.rb:53:in `block in instrument'
/Users/vutukurimahesh/.rvm/gems/ruby-1.9.2-p320/gems/activesupport-3.1.0/lib/active_support/notifications/instrumenter.rb:21:in `instrument'
/Users/vutukurimahesh/.rvm/gems/ruby-1.9.2-p320/gems/activesupport-3.1.0/lib/active_support/notifications.rb:53:in `instrument'
/Users/vutukurimahesh/.rvm/gems/ruby-1.9.2-p320/gems/actionpack-3.1.0/lib/action_view/renderer/abstract_renderer.rb:33:in `instrument'
/Users/vutukurimahesh/.rvm/gems/ruby-1.9.2-p320/gems/actionpack-3.1.0/lib/action_view/renderer/template_renderer.rb:39:in `block in render_template'
/Users/vutukurimahesh/.rvm/gems/ruby-1.9.2-p320/gems/actionpack-3.1.0/lib/action_view/renderer/template_renderer.rb:47:in `render_with_layout'
/Users/vutukurimahesh/.rvm/gems/ruby-1.9.2-p320/gems/actionpack-3.1.0/lib/action_view/renderer/template_renderer.rb:38:in `render_template'
/Users/vutukurimahesh/.rvm/gems/ruby-1.9.2-p320/gems/actionpack-3.1.0/lib/action_view/renderer/template_renderer.rb:12:in `block in render'
/Users/vutukurimahesh/.rvm/gems/ruby-1.9.2-p320/gems/actionpack-3.1.0/lib/action_view/renderer/abstract_renderer.rb:22:in `wrap_formats'
/Users/vutukurimahesh/.rvm/gems/ruby-1.9.2-p320/gems/actionpack-3.1.0/lib/action_view/renderer/template_renderer.rb:9:in `render'
/Users/vutukurimahesh/.rvm/gems/ruby-1.9.2-p320/gems/actionpack-3.1.0/lib/action_view/renderer/renderer.rb:36:in `render_template'
/Users/vutukurimahesh/.rvm/gems/ruby-1.9.2-p320/gems/actionpack-3.1.0/lib/action_view/renderer/renderer.rb:17:in `render'
/Users/vutukurimahesh/.rvm/gems/ruby-1.9.2-p320/gems/actionpack-3.1.0/lib/abstract_controller/rendering.rb:120:in `_render_template'
/Users/vutukurimahesh/.rvm/gems/ruby-1.9.2-p320/gems/actionpack-3.1.0/lib/action_controller/metal/streaming.rb:250:in `_render_template'
/Users/vutukurimahesh/.rvm/gems/ruby-1.9.2-p320/gems/actionpack-3.1.0/lib/abstract_controller/rendering.rb:114:in `render_to_body'
/Users/vutukurimahesh/.rvm/gems/ruby-1.9.2-p320/gems/actionpack-3.1.0/lib/action_controller/metal/renderers.rb:30:in `render_to_body'
/Users/vutukurimahesh/.rvm/gems/ruby-1.9.2-p320/gems/actionpack-3.1.0/lib/action_controller/metal/compatibility.rb:43:in `render_to_body'
/Users/vutukurimahesh/.rvm/gems/ruby-1.9.2-p320/gems/actionpack-3.1.0/lib/abstract_controller/rendering.rb:99:in `render'
/Users/vutukurimahesh/.rvm/gems/ruby-1.9.2-p320/gems/actionpack-3.1.0/lib/action_controller/metal/rendering.rb:16:in `render'
/Users/vutukurimahesh/.rvm/gems/ruby-1.9.2-p320/gems/actionpack-3.1.0/lib/action_controller/metal/instrumentation.rb:40:in `block (2 levels) in render'
/Users/vutukurimahesh/.rvm/gems/ruby-1.9.2-p320/gems/activesupport-3.1.0/lib/active_support/core_ext/benchmark.rb:5:in `block in ms'
/Users/vutukurimahesh/.rvm/rubies/ruby-1.9.2-p320/lib/ruby/1.9.1/benchmark.rb:310:in `realtime'
/Users/vutukurimahesh/.rvm/gems/ruby-1.9.2-p320/gems/activesupport-3.1.0/lib/active_support/core_ext/benchmark.rb:5:in `ms'
/Users/vutukurimahesh/.rvm/gems/ruby-1.9.2-p320/gems/actionpack-3.1.0/lib/action_controller/metal/instrumentation.rb:40:in `block in render'
/Users/vutukurimahesh/.rvm/gems/ruby-1.9.2-p320/gems/actionpack-3.1.0/lib/action_controller/metal/instrumentation.rb:78:in `cleanup_view_runtime'
/Users/vutukurimahesh/.rvm/gems/ruby-1.9.2-p320/gems/activerecord-3.1.0/lib/active_record/railties/controller_runtime.rb:24:in `cleanup_view_runtime'
/Users/vutukurimahesh/.rvm/gems/ruby-1.9.2-p320/gems/actionpack-3.1.0/lib/action_controller/metal/instrumentation.rb:39:in `render'
/Users/vutukurimahesh/.rvm/gems/ruby-1.9.2-p320/gems/actionpack-3.1.0/lib/action_controller/metal/implicit_render.rb:10:in `default_render'
/Users/vutukurimahesh/.rvm/gems/ruby-1.9.2-p320/gems/actionpack-3.1.0/lib/action_controller/metal/implicit_render.rb:5:in `send_action'
/Users/vutukurimahesh/.rvm/gems/ruby-1.9.2-p320/gems/actionpack-3.1.0/lib/abstract_controller/base.rb:167:in `process_action'
/Users/vutukurimahesh/.rvm/gems/ruby-1.9.2-p320/gems/actionpack-3.1.0/lib/action_controller/metal/rendering.rb:10:in `process_action'
/Users/vutukurimahesh/.rvm/gems/ruby-1.9.2-p320/gems/actionpack-3.1.0/lib/abstract_controller/callbacks.rb:18:in `block in process_action'
/Users/vutukurimahesh/.rvm/gems/ruby-1.9.2-p320/gems/activesupport-3.1.0/lib/active_support/callbacks.rb:416:in `_run__4311774136206233843__process_action__418409715673374073__callbacks'
/Users/vutukurimahesh/.rvm/gems/ruby-1.9.2-p320/gems/activesupport-3.1.0/lib/active_support/callbacks.rb:386:in `_run_process_action_callbacks'
/Users/vutukurimahesh/.rvm/gems/ruby-1.9.2-p320/gems/activesupport-3.1.0/lib/active_support/callbacks.rb:81:in `run_callbacks'
/Users/vutukurimahesh/.rvm/gems/ruby-1.9.2-p320/gems/actionpack-3.1.0/lib/abstract_controller/callbacks.rb:17:in `process_action'
/Users/vutukurimahesh/.rvm/gems/ruby-1.9.2-p320/gems/actionpack-3.1.0/lib/action_controller/metal/rescue.rb:17:in `process_action'
/Users/vutukurimahesh/.rvm/gems/ruby-1.9.2-p320/gems/actionpack-3.1.0/lib/action_controller/metal/instrumentation.rb:30:in `block in process_action'
/Users/vutukurimahesh/.rvm/gems/ruby-1.9.2-p320/gems/activesupport-3.1.0/lib/active_support/notifications.rb:53:in `block in instrument'
/Users/vutukurimahesh/.rvm/gems/ruby-1.9.2-p320/gems/activesupport-3.1.0/lib/active_support/notifications/instrumenter.rb:21:in `instrument'
/Users/vutukurimahesh/.rvm/gems/ruby-1.9.2-p320/gems/activesupport-3.1.0/lib/active_support/notifications.rb:53:in `instrument'
/Users/vutukurimahesh/.rvm/gems/ruby-1.9.2-p320/gems/actionpack-3.1.0/lib/action_controller/metal/instrumentation.rb:29:in `process_action'
/Users/vutukurimahesh/.rvm/gems/ruby-1.9.2-p320/gems/actionpack-3.1.0/lib/action_controller/metal/params_wrapper.rb:201:in `process_action'
/Users/vutukurimahesh/.rvm/gems/ruby-1.9.2-p320/gems/activerecord-3.1.0/lib/active_record/railties/controller_runtime.rb:18:in `process_action'
/Users/vutukurimahesh/.rvm/gems/ruby-1.9.2-p320/gems/actionpack-3.1.0/lib/abstract_controller/base.rb:121:in `process'
/Users/vutukurimahesh/.rvm/gems/ruby-1.9.2-p320/gems/actionpack-3.1.0/lib/abstract_controller/rendering.rb:45:in `process'
/Users/vutukurimahesh/.rvm/gems/ruby-1.9.2-p320/gems/actionpack-3.1.0/lib/action_controller/metal.rb:193:in `dispatch'
/Users/vutukurimahesh/.rvm/gems/ruby-1.9.2-p320/gems/actionpack-3.1.0/lib/action_controller/metal/rack_delegation.rb:14:in `dispatch'
/Users/vutukurimahesh/.rvm/gems/ruby-1.9.2-p320/gems/actionpack-3.1.0/lib/action_controller/metal.rb:236:in `block in action'
/Users/vutukurimahesh/.rvm/gems/ruby-1.9.2-p320/gems/actionpack-3.1.0/lib/action_dispatch/routing/route_set.rb:65:in `call'
/Users/vutukurimahesh/.rvm/gems/ruby-1.9.2-p320/gems/actionpack-3.1.0/lib/action_dispatch/routing/route_set.rb:65:in `dispatch'
/Users/vutukurimahesh/.rvm/gems/ruby-1.9.2-p320/gems/actionpack-3.1.0/lib/action_dispatch/routing/route_set.rb:29:in `call'
/Users/vutukurimahesh/.rvm/gems/ruby-1.9.2-p320/gems/rack-mount-0.8.3/lib/rack/mount/route_set.rb:152:in `block in call'
/Users/vutukurimahesh/.rvm/gems/ruby-1.9.2-p320/gems/rack-mount-0.8.3/lib/rack/mount/code_generation.rb:96:in `block in recognize'
/Users/vutukurimahesh/.rvm/gems/ruby-1.9.2-p320/gems/rack-mount-0.8.3/lib/rack/mount/code_generation.rb:75:in `optimized_each'
/Users/vutukurimahesh/.rvm/gems/ruby-1.9.2-p320/gems/rack-mount-0.8.3/lib/rack/mount/code_generation.rb:95:in `recognize'
/Users/vutukurimahesh/.rvm/gems/ruby-1.9.2-p320/gems/rack-mount-0.8.3/lib/rack/mount/route_set.rb:141:in `call'
/Users/vutukurimahesh/.rvm/gems/ruby-1.9.2-p320/gems/actionpack-3.1.0/lib/action_dispatch/routing/route_set.rb:531:in `call'
/Users/vutukurimahesh/.rvm/gems/ruby-1.9.2-p320/gems/actionpack-3.1.0/lib/action_dispatch/middleware/best_standards_support.rb:17:in `call'
/Users/vutukurimahesh/.rvm/gems/ruby-1.9.2-p320/gems/rack-1.3.5/lib/rack/etag.rb:23:in `call'
/Users/vutukurimahesh/.rvm/gems/ruby-1.9.2-p320/gems/rack-1.3.5/lib/rack/conditionalget.rb:25:in `call'
/Users/vutukurimahesh/.rvm/gems/ruby-1.9.2-p320/gems/actionpack-3.1.0/lib/action_dispatch/middleware/head.rb:14:in `call'
/Users/vutukurimahesh/.rvm/gems/ruby-1.9.2-p320/gems/actionpack-3.1.0/lib/action_dispatch/middleware/params_parser.rb:21:in `call'
/Users/vutukurimahesh/.rvm/gems/ruby-1.9.2-p320/gems/actionpack-3.1.0/lib/action_dispatch/middleware/flash.rb:243:in `call'
/Users/vutukurimahesh/.rvm/gems/ruby-1.9.2-p320/gems/rack-1.3.5/lib/rack/session/abstract/id.rb:195:in `context'
/Users/vutukurimahesh/.rvm/gems/ruby-1.9.2-p320/gems/rack-1.3.5/lib/rack/session/abstract/id.rb:190:in `call'
/Users/vutukurimahesh/.rvm/gems/ruby-1.9.2-p320/gems/actionpack-3.1.0/lib/action_dispatch/middleware/cookies.rb:326:in `call'
/Users/vutukurimahesh/.rvm/gems/ruby-1.9.2-p320/gems/activerecord-3.1.0/lib/active_record/query_cache.rb:62:in `call'
/Users/vutukurimahesh/.rvm/gems/ruby-1.9.2-p320/gems/activerecord-3.1.0/lib/active_record/connection_adapters/abstract/connection_pool.rb:477:in `call'
/Users/vutukurimahesh/.rvm/gems/ruby-1.9.2-p320/gems/actionpack-3.1.0/lib/action_dispatch/middleware/callbacks.rb:29:in `block in call'
/Users/vutukurimahesh/.rvm/gems/ruby-1.9.2-p320/gems/activesupport-3.1.0/lib/active_support/callbacks.rb:392:in `_run_call_callbacks'
/Users/vutukurimahesh/.rvm/gems/ruby-1.9.2-p320/gems/activesupport-3.1.0/lib/active_support/callbacks.rb:81:in `run_callbacks'
/Users/vutukurimahesh/.rvm/gems/ruby-1.9.2-p320/gems/actionpack-3.1.0/lib/action_dispatch/middleware/callbacks.rb:28:in `call'
/Users/vutukurimahesh/.rvm/gems/ruby-1.9.2-p320/gems/actionpack-3.1.0/lib/action_dispatch/middleware/reloader.rb:68:in `call'
/Users/vutukurimahesh/.rvm/gems/ruby-1.9.2-p320/gems/rack-1.3.5/lib/rack/sendfile.rb:101:in `call'
/Users/vutukurimahesh/.rvm/gems/ruby-1.9.2-p320/gems/actionpack-3.1.0/lib/action_dispatch/middleware/remote_ip.rb:48:in `call'
/Users/vutukurimahesh/.rvm/gems/ruby-1.9.2-p320/gems/actionpack-3.1.0/lib/action_dispatch/middleware/show_exceptions.rb:47:in `call'
/Users/vutukurimahesh/.rvm/gems/ruby-1.9.2-p320/gems/railties-3.1.0/lib/rails/rack/logger.rb:13:in `call'
/Users/vutukurimahesh/.rvm/gems/ruby-1.9.2-p320/gems/rack-1.3.5/lib/rack/methodoverride.rb:24:in `call'
/Users/vutukurimahesh/.rvm/gems/ruby-1.9.2-p320/gems/rack-1.3.5/lib/rack/runtime.rb:17:in `call'
/Users/vutukurimahesh/.rvm/gems/ruby-1.9.2-p320/gems/activesupport-3.1.0/lib/active_support/cache/strategy/local_cache.rb:72:in `call'
/Users/vutukurimahesh/.rvm/gems/ruby-1.9.2-p320/gems/rack-1.3.5/lib/rack/lock.rb:15:in `call'
/Users/vutukurimahesh/.rvm/gems/ruby-1.9.2-p320/gems/actionpack-3.1.0/lib/action_dispatch/middleware/static.rb:53:in `call'
/Users/vutukurimahesh/.rvm/gems/ruby-1.9.2-p320/gems/railties-3.1.0/lib/rails/engine.rb:455:in `call'
/Users/vutukurimahesh/.rvm/gems/ruby-1.9.2-p320/gems/railties-3.1.0/lib/rails/rack/content_length.rb:16:in `call'
/Users/vutukurimahesh/.rvm/gems/ruby-1.9.2-p320/gems/railties-3.1.0/lib/rails/rack/log_tailer.rb:14:in `call'
/Users/vutukurimahesh/.rvm/gems/ruby-1.9.2-p320/gems/rack-1.3.5/lib/rack/handler/webrick.rb:59:in `service'
/Users/vutukurimahesh/.rvm/rubies/ruby-1.9.2-p320/lib/ruby/1.9.1/webrick/httpserver.rb:111:in `service'
/Users/vutukurimahesh/.rvm/rubies/ruby-1.9.2-p320/lib/ruby/1.9.1/webrick/httpserver.rb:70:in `run'
/Users/vutukurimahesh/.rvm/rubies/ruby-1.9.2-p320/lib/ruby/1.9.1/webrick/server.rb:183:in `block in start_thread'
Rendered movies/index.html.haml within layouts/application (20.5ms)
Completed 500 Internal Server Error in 124ms

ActionView::Template::Error (/Users/vutukurimahesh/Cloud Computing/Ruby on Rails/CS169X/Homework2/srimahesh/hw2_rottenpotatoes/app/views/movies/index.html.haml:29: syntax error, unexpected '<'
..._false_true_false_true_false((<%= #{@all_ratings}>
...                               ^
/Users/vutukurimahesh/Cloud Computing/Ruby on Rails/CS169X/Homework2/srimahesh/hw2_rottenpotatoes/app/views/movies/index.html.haml:30: syntax error, unexpected tIVAR, expecting ')'
...ure;@haml_buffer = @haml_buffer.upper if @haml_buffer;end;
...                               ^
/Users/vutukurimahesh/Cloud Computing/Ruby on Rails/CS169X/Homework2/srimahesh/hw2_rottenpotatoes/app/views/movies/index.html.haml:30: syntax error, unexpected keyword_end, expecting ')'
...uffer.upper if @haml_buffer;end;
...                               ^
/Users/vutukurimahesh/Cloud Computing/Ruby on Rails/CS169X/Homework2/srimahesh/hw2_rottenpotatoes/app/views/movies/index.html.haml:33: syntax error, unexpected keyword_end, expecting ')'):
    26: 
    27: = link_to 'Add new movie', new_movie_path
    28: 
    29: %p= <%= #{@all_ratings}>
  

Rendered /Users/vutukurimahesh/.rvm/gems/ruby-1.9.2-p320/gems/actionpack-3.1.0/lib/action_dispatch/middleware/templates/rescues/_trace.erb (2.7ms)
Rendered /Users/vutukurimahesh/.rvm/gems/ruby-1.9.2-p320/gems/actionpack-3.1.0/lib/action_dispatch/middleware/templates/rescues/_request_and_response.erb (1.2ms)
Rendered /Users/vutukurimahesh/.rvm/gems/ruby-1.9.2-p320/gems/actionpack-3.1.0/lib/action_dispatch/middleware/templates/rescues/template_error.erb within rescues/layout (108.6ms)


Started GET "/movies" for 127.0.0.1 at 2013-07-27 16:29:32 -0500
  Processing by MoviesController#index as HTML
  [1m[35mMovie Load (28.8ms)[0m  SELECT "movies".* FROM "movies" 
Rendered movies/index.html.haml within layouts/application (14.5ms)
Completed 500 Internal Server Error in 92ms

ActionView::Template::Error (You have a nil object when you didn't expect it!
You might have expected an instance of Array.
The error occurred while evaluating nil.each):
    3: 
    4: = form_tag movies_path, :method => :get do
    5:   Include:
    6:   - @all_ratings.each do |rating|
    7:     = rating
    8:     = check_box_tag "ratings[#{rating}]"
    9:   = submit_tag 'Refresh'
  app/views/movies/index.html.haml:6:in `block in _app_views_movies_index_html_haml__3960467369423445338_70240427844280'
  app/views/movies/index.html.haml:4:in `_app_views_movies_index_html_haml__3960467369423445338_70240427844280'

Rendered /Users/vutukurimahesh/.rvm/gems/ruby-1.9.2-p320/gems/actionpack-3.1.0/lib/action_dispatch/middleware/templates/rescues/_trace.erb (1.6ms)
Rendered /Users/vutukurimahesh/.rvm/gems/ruby-1.9.2-p320/gems/actionpack-3.1.0/lib/action_dispatch/middleware/templates/rescues/_request_and_response.erb (1.1ms)
Rendered /Users/vutukurimahesh/.rvm/gems/ruby-1.9.2-p320/gems/actionpack-3.1.0/lib/action_dispatch/middleware/templates/rescues/template_error.erb within rescues/layout (108.5ms)


Started GET "/movies" for 127.0.0.1 at 2013-07-27 16:29:51 -0500
  Processing by MoviesController#index as HTML
  [1m[36mMovie Load (0.3ms)[0m  [1mSELECT "movies".* FROM "movies" [0m
  [1m[35mCACHE (0.0ms)[0m  SELECT "movies".* FROM "movies" 
Completed 500 Internal Server Error in 12ms

NoMethodError (undefined method `ratings' for #<Array:0x007fc43b62a3c0>):
  app/controllers/movies_controller.rb:17:in `index'

Rendered /Users/vutukurimahesh/.rvm/gems/ruby-1.9.2-p320/gems/actionpack-3.1.0/lib/action_dispatch/middleware/templates/rescues/_trace.erb (2.0ms)
Rendered /Users/vutukurimahesh/.rvm/gems/ruby-1.9.2-p320/gems/actionpack-3.1.0/lib/action_dispatch/middleware/templates/rescues/_request_and_response.erb (1.0ms)
Rendered /Users/vutukurimahesh/.rvm/gems/ruby-1.9.2-p320/gems/actionpack-3.1.0/lib/action_dispatch/middleware/templates/rescues/diagnostics.erb within rescues/layout (41.4ms)


Started GET "/movies" for 127.0.0.1 at 2013-07-27 16:30:07 -0500
  Processing by MoviesController#index as HTML
  [1m[36mMovie Load (0.2ms)[0m  [1mSELECT "movies".* FROM "movies" [0m
  [1m[35mCACHE (0.0ms)[0m  SELECT "movies".* FROM "movies" 
Completed 500 Internal Server Error in 14ms

NoMethodError (undefined method `rating' for #<Array:0x007fc43faf43e8>):
  app/controllers/movies_controller.rb:17:in `index'

Rendered /Users/vutukurimahesh/.rvm/gems/ruby-1.9.2-p320/gems/actionpack-3.1.0/lib/action_dispatch/middleware/templates/rescues/_trace.erb (1.3ms)
Rendered /Users/vutukurimahesh/.rvm/gems/ruby-1.9.2-p320/gems/actionpack-3.1.0/lib/action_dispatch/middleware/templates/rescues/_request_and_response.erb (0.9ms)
Rendered /Users/vutukurimahesh/.rvm/gems/ruby-1.9.2-p320/gems/actionpack-3.1.0/lib/action_dispatch/middleware/templates/rescues/diagnostics.erb within rescues/layout (6.6ms)


Started GET "/movies" for 127.0.0.1 at 2013-07-27 16:30:15 -0500
  Processing by MoviesController#index as HTML
  [1m[36mMovie Load (14.4ms)[0m  [1mSELECT "movies".* FROM "movies" [0m
  [1m[35mCACHE (0.0ms)[0m  SELECT "movies".* FROM "movies" 
Rendered movies/index.html.haml within layouts/application (84.7ms)
Completed 200 OK in 318ms (Views: 300.9ms | ActiveRecord: 14.9ms)


Started GET "/assets/application.css?body=1" for 127.0.0.1 at 2013-07-27 16:30:16 -0500
Served asset /application.css - 200 OK (0ms)


Started GET "/assets/jquery.js?body=1" for 127.0.0.1 at 2013-07-27 16:30:16 -0500
Served asset /jquery.js - 200 OK (63ms)


Started GET "/assets/jquery_ujs.js?body=1" for 127.0.0.1 at 2013-07-27 16:30:16 -0500
Served asset /jquery_ujs.js - 200 OK (38ms)


Started GET "/assets/application.js?body=1" for 127.0.0.1 at 2013-07-27 16:30:16 -0500
Served asset /application.js - 200 OK (276ms)


Started GET "/movies" for 127.0.0.1 at 2013-07-27 16:31:02 -0500
  Processing by MoviesController#index as HTML
  [1m[36mMovie Load (0.4ms)[0m  [1mSELECT "movies".* FROM "movies" [0m
  [1m[35mCACHE (0.0ms)[0m  SELECT "movies".* FROM "movies" 
Rendered movies/index.html.haml within layouts/application (17.8ms)
Completed 200 OK in 27ms (Views: 24.6ms | ActiveRecord: 0.8ms)


Started GET "/assets/application.css?body=1" for 127.0.0.1 at 2013-07-27 16:31:02 -0500
Served asset /application.css - 304 Not Modified (0ms)


Started GET "/assets/jquery_ujs.js?body=1" for 127.0.0.1 at 2013-07-27 16:31:02 -0500
Served asset /jquery_ujs.js - 304 Not Modified (0ms)


Started GET "/assets/jquery.js?body=1" for 127.0.0.1 at 2013-07-27 16:31:02 -0500
Served asset /jquery.js - 304 Not Modified (0ms)


Started GET "/assets/application.js?body=1" for 127.0.0.1 at 2013-07-27 16:31:02 -0500
Served asset /application.js - 304 Not Modified (0ms)


Started GET "/movies" for 127.0.0.1 at 2013-07-27 16:33:21 -0500
  Processing by MoviesController#index as HTML
  [1m[36mMovie Load (0.4ms)[0m  [1mSELECT "movies".* FROM "movies" [0m
  [1m[35mMovie Load (170.9ms)[0m  SELECT "movies".* FROM "movies" WHERE "movies"."id" = ? LIMIT 1  [["id", :rating]]
Completed 404 Not Found in 175ms

ActiveRecord::RecordNotFound (Couldn't find Movie with id=rating):
  app/controllers/movies_controller.rb:17:in `index'

Rendered /Users/vutukurimahesh/.rvm/gems/ruby-1.9.2-p320/gems/actionpack-3.1.0/lib/action_dispatch/middleware/templates/rescues/_trace.erb (1.1ms)
Rendered /Users/vutukurimahesh/.rvm/gems/ruby-1.9.2-p320/gems/actionpack-3.1.0/lib/action_dispatch/middleware/templates/rescues/_request_and_response.erb (1.0ms)
Rendered /Users/vutukurimahesh/.rvm/gems/ruby-1.9.2-p320/gems/actionpack-3.1.0/lib/action_dispatch/middleware/templates/rescues/diagnostics.erb within rescues/layout (8.4ms)


Started GET "/movies" for 127.0.0.1 at 2013-07-27 16:33:39 -0500
  Processing by MoviesController#index as HTML
  [1m[36mMovie Load (0.1ms)[0m  [1mSELECT "movies".* FROM "movies" [0m
  [1m[35mMovie Load (0.1ms)[0m  SELECT "movies".* FROM "movies" WHERE "movies"."id" = ? LIMIT 1  [["id", "rating"]]
Completed 404 Not Found in 2ms

ActiveRecord::RecordNotFound (Couldn't find Movie with id=rating):
  app/controllers/movies_controller.rb:17:in `index'

Rendered /Users/vutukurimahesh/.rvm/gems/ruby-1.9.2-p320/gems/actionpack-3.1.0/lib/action_dispatch/middleware/templates/rescues/_trace.erb (1.0ms)
Rendered /Users/vutukurimahesh/.rvm/gems/ruby-1.9.2-p320/gems/actionpack-3.1.0/lib/action_dispatch/middleware/templates/rescues/_request_and_response.erb (0.8ms)
Rendered /Users/vutukurimahesh/.rvm/gems/ruby-1.9.2-p320/gems/actionpack-3.1.0/lib/action_dispatch/middleware/templates/rescues/diagnostics.erb within rescues/layout (3.9ms)


Started GET "/movies" for 127.0.0.1 at 2013-07-27 16:33:40 -0500
  Processing by MoviesController#index as HTML
  [1m[36mMovie Load (0.4ms)[0m  [1mSELECT "movies".* FROM "movies" [0m
  [1m[35mMovie Load (0.3ms)[0m  SELECT "movies".* FROM "movies" WHERE "movies"."id" = ? LIMIT 1  [["id", "rating"]]
Completed 404 Not Found in 5ms

ActiveRecord::RecordNotFound (Couldn't find Movie with id=rating):
  app/controllers/movies_controller.rb:17:in `index'

Rendered /Users/vutukurimahesh/.rvm/gems/ruby-1.9.2-p320/gems/actionpack-3.1.0/lib/action_dispatch/middleware/templates/rescues/_trace.erb (1.1ms)
Rendered /Users/vutukurimahesh/.rvm/gems/ruby-1.9.2-p320/gems/actionpack-3.1.0/lib/action_dispatch/middleware/templates/rescues/_request_and_response.erb (0.8ms)
Rendered /Users/vutukurimahesh/.rvm/gems/ruby-1.9.2-p320/gems/actionpack-3.1.0/lib/action_dispatch/middleware/templates/rescues/diagnostics.erb within rescues/layout (4.2ms)


Started GET "/movies" for 127.0.0.1 at 2013-07-27 16:33:41 -0500
  Processing by MoviesController#index as HTML
  [1m[36mMovie Load (0.1ms)[0m  [1mSELECT "movies".* FROM "movies" [0m
  [1m[35mMovie Load (0.1ms)[0m  SELECT "movies".* FROM "movies" WHERE "movies"."id" = ? LIMIT 1  [["id", "rating"]]
Completed 404 Not Found in 3ms

ActiveRecord::RecordNotFound (Couldn't find Movie with id=rating):
  app/controllers/movies_controller.rb:17:in `index'

Rendered /Users/vutukurimahesh/.rvm/gems/ruby-1.9.2-p320/gems/actionpack-3.1.0/lib/action_dispatch/middleware/templates/rescues/_trace.erb (1.0ms)
Rendered /Users/vutukurimahesh/.rvm/gems/ruby-1.9.2-p320/gems/actionpack-3.1.0/lib/action_dispatch/middleware/templates/rescues/_request_and_response.erb (0.8ms)
Rendered /Users/vutukurimahesh/.rvm/gems/ruby-1.9.2-p320/gems/actionpack-3.1.0/lib/action_dispatch/middleware/templates/rescues/diagnostics.erb within rescues/layout (3.7ms)


Started GET "/movies" for 127.0.0.1 at 2013-07-27 16:33:41 -0500
  Processing by MoviesController#index as HTML
  [1m[36mMovie Load (0.3ms)[0m  [1mSELECT "movies".* FROM "movies" [0m
  [1m[35mMovie Load (0.2ms)[0m  SELECT "movies".* FROM "movies" WHERE "movies"."id" = ? LIMIT 1  [["id", "rating"]]
Completed 404 Not Found in 4ms

ActiveRecord::RecordNotFound (Couldn't find Movie with id=rating):
  app/controllers/movies_controller.rb:17:in `index'

Rendered /Users/vutukurimahesh/.rvm/gems/ruby-1.9.2-p320/gems/actionpack-3.1.0/lib/action_dispatch/middleware/templates/rescues/_trace.erb (2.0ms)
Rendered /Users/vutukurimahesh/.rvm/gems/ruby-1.9.2-p320/gems/actionpack-3.1.0/lib/action_dispatch/middleware/templates/rescues/_request_and_response.erb (0.9ms)
Rendered /Users/vutukurimahesh/.rvm/gems/ruby-1.9.2-p320/gems/actionpack-3.1.0/lib/action_dispatch/middleware/templates/rescues/diagnostics.erb within rescues/layout (7.4ms)


Started GET "/movies" for 127.0.0.1 at 2013-07-27 16:33:41 -0500
  Processing by MoviesController#index as HTML
  [1m[36mMovie Load (0.2ms)[0m  [1mSELECT "movies".* FROM "movies" [0m
  [1m[35mMovie Load (0.2ms)[0m  SELECT "movies".* FROM "movies" WHERE "movies"."id" = ? LIMIT 1  [["id", "rating"]]
Completed 404 Not Found in 4ms

ActiveRecord::RecordNotFound (Couldn't find Movie with id=rating):
  app/controllers/movies_controller.rb:17:in `index'

Rendered /Users/vutukurimahesh/.rvm/gems/ruby-1.9.2-p320/gems/actionpack-3.1.0/lib/action_dispatch/middleware/templates/rescues/_trace.erb (1.4ms)
Rendered /Users/vutukurimahesh/.rvm/gems/ruby-1.9.2-p320/gems/actionpack-3.1.0/lib/action_dispatch/middleware/templates/rescues/_request_and_response.erb (1.8ms)
Rendered /Users/vutukurimahesh/.rvm/gems/ruby-1.9.2-p320/gems/actionpack-3.1.0/lib/action_dispatch/middleware/templates/rescues/diagnostics.erb within rescues/layout (5.7ms)


Started GET "/movies" for 127.0.0.1 at 2013-07-27 16:33:41 -0500
  Processing by MoviesController#index as HTML
  [1m[36mMovie Load (0.3ms)[0m  [1mSELECT "movies".* FROM "movies" [0m
  [1m[35mMovie Load (0.3ms)[0m  SELECT "movies".* FROM "movies" WHERE "movies"."id" = ? LIMIT 1  [["id", "rating"]]
Completed 404 Not Found in 4ms

ActiveRecord::RecordNotFound (Couldn't find Movie with id=rating):
  app/controllers/movies_controller.rb:17:in `index'

Rendered /Users/vutukurimahesh/.rvm/gems/ruby-1.9.2-p320/gems/actionpack-3.1.0/lib/action_dispatch/middleware/templates/rescues/_trace.erb (1.2ms)
Rendered /Users/vutukurimahesh/.rvm/gems/ruby-1.9.2-p320/gems/actionpack-3.1.0/lib/action_dispatch/middleware/templates/rescues/_request_and_response.erb (0.8ms)
Rendered /Users/vutukurimahesh/.rvm/gems/ruby-1.9.2-p320/gems/actionpack-3.1.0/lib/action_dispatch/middleware/templates/rescues/diagnostics.erb within rescues/layout (3.9ms)


Started GET "/movies" for 127.0.0.1 at 2013-07-27 16:34:52 -0500
  Processing by MoviesController#index as HTML
  [1m[36mMovie Load (81.4ms)[0m  [1mSELECT "movies".* FROM "movies" [0m
Completed 500 Internal Server Error in 84ms

NoMethodError (undefined method `find_by' for #<Class:0x007fc43cf2fc80>):
  app/controllers/movies_controller.rb:17:in `index'

Rendered /Users/vutukurimahesh/.rvm/gems/ruby-1.9.2-p320/gems/actionpack-3.1.0/lib/action_dispatch/middleware/templates/rescues/_trace.erb (2.0ms)
Rendered /Users/vutukurimahesh/.rvm/gems/ruby-1.9.2-p320/gems/actionpack-3.1.0/lib/action_dispatch/middleware/templates/rescues/_request_and_response.erb (1.3ms)
Rendered /Users/vutukurimahesh/.rvm/gems/ruby-1.9.2-p320/gems/actionpack-3.1.0/lib/action_dispatch/middleware/templates/rescues/diagnostics.erb within rescues/layout (40.6ms)


Started GET "/movies" for 127.0.0.1 at 2013-07-27 16:36:11 -0500
  Processing by MoviesController#index as HTML
  [1m[35mMovie Load (0.9ms)[0m  SELECT "movies".* FROM "movies" 
Completed 500 Internal Server Error in 5ms

ArgumentError (Unknown key: rating):
  app/controllers/movies_controller.rb:17:in `index'

Rendered /Users/vutukurimahesh/.rvm/gems/ruby-1.9.2-p320/gems/actionpack-3.1.0/lib/action_dispatch/middleware/templates/rescues/_trace.erb (1.5ms)
Rendered /Users/vutukurimahesh/.rvm/gems/ruby-1.9.2-p320/gems/actionpack-3.1.0/lib/action_dispatch/middleware/templates/rescues/_request_and_response.erb (1.0ms)
Rendered /Users/vutukurimahesh/.rvm/gems/ruby-1.9.2-p320/gems/actionpack-3.1.0/lib/action_dispatch/middleware/templates/rescues/diagnostics.erb within rescues/layout (8.3ms)


Started GET "/movies" for 127.0.0.1 at 2013-07-27 16:36:29 -0500

SyntaxError (/Users/vutukurimahesh/Cloud Computing/Ruby on Rails/CS169X/Homework2/srimahesh/hw2_rottenpotatoes/app/controllers/movies_controller.rb:17: syntax error, unexpected ')'
/Users/vutukurimahesh/Cloud Computing/Ruby on Rails/CS169X/Homework2/srimahesh/hw2_rottenpotatoes/app/controllers/movies_controller.rb:49: syntax error, unexpected $end, expecting keyword_end):
  

Rendered /Users/vutukurimahesh/.rvm/gems/ruby-1.9.2-p320/gems/actionpack-3.1.0/lib/action_dispatch/middleware/templates/rescues/_trace.erb (1.6ms)
Rendered /Users/vutukurimahesh/.rvm/gems/ruby-1.9.2-p320/gems/actionpack-3.1.0/lib/action_dispatch/middleware/templates/rescues/_request_and_response.erb (1.4ms)
Rendered /Users/vutukurimahesh/.rvm/gems/ruby-1.9.2-p320/gems/actionpack-3.1.0/lib/action_dispatch/middleware/templates/rescues/diagnostics.erb within rescues/layout (6.8ms)


Started GET "/movies" for 127.0.0.1 at 2013-07-27 16:36:39 -0500
  Processing by MoviesController#index as HTML
  [1m[36mMovie Load (0.3ms)[0m  [1mSELECT "movies".* FROM "movies" [0m
Completed 404 Not Found in 4ms

ActiveRecord::RecordNotFound (Couldn't find Movie without an ID):
  app/controllers/movies_controller.rb:17:in `index'

Rendered /Users/vutukurimahesh/.rvm/gems/ruby-1.9.2-p320/gems/actionpack-3.1.0/lib/action_dispatch/middleware/templates/rescues/_trace.erb (1.7ms)
Rendered /Users/vutukurimahesh/.rvm/gems/ruby-1.9.2-p320/gems/actionpack-3.1.0/lib/action_dispatch/middleware/templates/rescues/_request_and_response.erb (1.7ms)
Rendered /Users/vutukurimahesh/.rvm/gems/ruby-1.9.2-p320/gems/actionpack-3.1.0/lib/action_dispatch/middleware/templates/rescues/diagnostics.erb within rescues/layout (6.8ms)


Started GET "/movies" for 127.0.0.1 at 2013-07-27 16:36:47 -0500
  Processing by MoviesController#index as HTML
  [1m[35mMovie Load (0.1ms)[0m  SELECT "movies".* FROM "movies" 
  [1m[36mMovie Load (0.4ms)[0m  [1mSELECT "movies".* FROM "movies" WHERE "movies"."id" = ? LIMIT 1[0m  [["id", 3]]
Rendered movies/index.html.haml within layouts/application (11.9ms)
Completed 200 OK in 63ms (Views: 60.0ms | ActiveRecord: 0.9ms)


Started GET "/assets/application.css?body=1" for 127.0.0.1 at 2013-07-27 16:36:47 -0500
Served asset /application.css - 304 Not Modified (0ms)


Started GET "/assets/jquery_ujs.js?body=1" for 127.0.0.1 at 2013-07-27 16:36:47 -0500
Served asset /jquery_ujs.js - 304 Not Modified (0ms)


Started GET "/assets/jquery.js?body=1" for 127.0.0.1 at 2013-07-27 16:36:47 -0500
Served asset /jquery.js - 304 Not Modified (0ms)


Started GET "/assets/application.js?body=1" for 127.0.0.1 at 2013-07-27 16:36:47 -0500
Served asset /application.js - 304 Not Modified (0ms)


Started GET "/movies" for 127.0.0.1 at 2013-07-27 16:38:10 -0500
  Processing by MoviesController#index as HTML
  [1m[35mMovie Load (17.3ms)[0m  SELECT "movies".* FROM "movies" 
  [1m[36mCACHE (0.0ms)[0m  [1mSELECT "movies".* FROM "movies" [0m
Rendered movies/index.html.haml within layouts/application (16.5ms)
Completed 200 OK in 52ms (Views: 25.0ms | ActiveRecord: 17.9ms)


Started GET "/assets/jquery.js?body=1" for 127.0.0.1 at 2013-07-27 16:38:10 -0500
Served asset /jquery.js - 304 Not Modified (0ms)


Started GET "/assets/jquery_ujs.js?body=1" for 127.0.0.1 at 2013-07-27 16:38:10 -0500
Served asset /jquery_ujs.js - 304 Not Modified (0ms)


Started GET "/assets/application.css?body=1" for 127.0.0.1 at 2013-07-27 16:38:10 -0500
Served asset /application.css - 304 Not Modified (0ms)


Started GET "/assets/application.js?body=1" for 127.0.0.1 at 2013-07-27 16:38:10 -0500
Served asset /application.js - 304 Not Modified (0ms)


Started GET "/movies" for 127.0.0.1 at 2013-07-27 16:38:51 -0500
  Processing by MoviesController#index as HTML
  [1m[35mMovie Load (17.1ms)[0m  SELECT "movies".* FROM "movies" 
  [1m[36mCACHE (0.0ms)[0m  [1mSELECT "movies".* FROM "movies" [0m
Rendered movies/index.html.haml within layouts/application (9.4ms)
Completed 200 OK in 46ms (Views: 18.9ms | ActiveRecord: 17.5ms)


Started GET "/assets/application.css?body=1" for 127.0.0.1 at 2013-07-27 16:38:51 -0500
Served asset /application.css - 304 Not Modified (0ms)


Started GET "/assets/jquery.js?body=1" for 127.0.0.1 at 2013-07-27 16:38:51 -0500
Served asset /jquery.js - 304 Not Modified (0ms)


Started GET "/assets/application.js?body=1" for 127.0.0.1 at 2013-07-27 16:38:51 -0500
Served asset /application.js - 304 Not Modified (0ms)


Started GET "/assets/jquery_ujs.js?body=1" for 127.0.0.1 at 2013-07-27 16:38:51 -0500
Served asset /jquery_ujs.js - 304 Not Modified (0ms)


Started GET "/movies" for 127.0.0.1 at 2013-07-27 16:41:13 -0500
  Processing by MoviesController#index as HTML
  [1m[35mMovie Load (27.1ms)[0m  SELECT "movies".* FROM "movies" 
  [1m[36mCACHE (0.0ms)[0m  [1mSELECT "movies".* FROM "movies" [0m
Rendered movies/index.html.haml within layouts/application (6.8ms)
Completed 500 Internal Server Error in 51ms

ActionView::Template::Error (You have a nil object when you didn't expect it!
You might have expected an instance of Array.
The error occurred while evaluating nil.each):
    3: 
    4: = form_tag movies_path, :method => :get do
    5:   Include: 
    6:   - @all_ratings.each do |rating|
    7:     = rating
    8:     = check_box_tag "ratings[#{rating}]"
    9:   = submit_tag 'Refresh'
  app/views/movies/index.html.haml:6:in `block in _app_views_movies_index_html_haml__3960467369423445338_70240410550920'
  app/views/movies/index.html.haml:4:in `_app_views_movies_index_html_haml__3960467369423445338_70240410550920'

Rendered /Users/vutukurimahesh/.rvm/gems/ruby-1.9.2-p320/gems/actionpack-3.1.0/lib/action_dispatch/middleware/templates/rescues/_trace.erb (2.1ms)
Rendered /Users/vutukurimahesh/.rvm/gems/ruby-1.9.2-p320/gems/actionpack-3.1.0/lib/action_dispatch/middleware/templates/rescues/_request_and_response.erb (1.5ms)
Rendered /Users/vutukurimahesh/.rvm/gems/ruby-1.9.2-p320/gems/actionpack-3.1.0/lib/action_dispatch/middleware/templates/rescues/template_error.erb within rescues/layout (175.6ms)


Started GET "/movies" for 127.0.0.1 at 2013-07-27 16:42:08 -0500
  Processing by MoviesController#index as HTML
  [1m[35mMovie Load (51.8ms)[0m  SELECT "movies".* FROM "movies" 
  [1m[36mCACHE (0.0ms)[0m  [1mSELECT "movies".* FROM "movies" [0m
Rendered movies/index.html.haml within layouts/application (10.8ms)
Completed 200 OK in 317ms (Views: 254.5ms | ActiveRecord: 52.3ms)


Started GET "/assets/application.css?body=1" for 127.0.0.1 at 2013-07-27 16:42:10 -0500
Served asset /application.css - 304 Not Modified (0ms)


Started GET "/assets/application.js?body=1" for 127.0.0.1 at 2013-07-27 16:42:10 -0500
Served asset /application.js - 304 Not Modified (0ms)


Started GET "/assets/jquery.js?body=1" for 127.0.0.1 at 2013-07-27 16:42:10 -0500
Served asset /jquery.js - 304 Not Modified (0ms)


Started GET "/assets/jquery_ujs.js?body=1" for 127.0.0.1 at 2013-07-27 16:42:10 -0500
Served asset /jquery_ujs.js - 304 Not Modified (0ms)


Started GET "/assets/rails.png" for 127.0.0.1 at 2013-07-27 20:31:51 -0500
Served asset /rails.png - 304 Not Modified (624ms)


Started GET "/assets/rails.png" for 127.0.0.1 at 2013-07-27 21:52:46 -0500
Served asset /rails.png - 200 OK (0ms)


Started GET "/assets/rails.png" for 127.0.0.1 at 2013-07-27 22:55:55 -0500
Served asset /rails.png - 304 Not Modified (0ms)


Started GET "/movies" for 127.0.0.1 at 2013-07-31 17:36:01 -0500
  Processing by MoviesController#index as HTML
  [1m[36mMovie Load (0.5ms)[0m  [1mSELECT "movies".* FROM "movies" [0m
  [1m[35mCACHE (0.0ms)[0m  SELECT "movies".* FROM "movies" 
Rendered movies/index.html.haml within layouts/application (69.4ms)
Completed 200 OK in 185ms (Views: 176.4ms | ActiveRecord: 0.7ms)


Started GET "/assets/application.css?body=1" for 127.0.0.1 at 2013-07-31 17:36:02 -0500
Served asset /application.css - 200 OK (27ms)


Started GET "/assets/jquery.js?body=1" for 127.0.0.1 at 2013-07-31 17:36:02 -0500
Served asset /jquery.js - 200 OK (71ms)


Started GET "/assets/jquery_ujs.js?body=1" for 127.0.0.1 at 2013-07-31 17:36:02 -0500
Served asset /jquery_ujs.js - 200 OK (65ms)


Started GET "/assets/application.js?body=1" for 127.0.0.1 at 2013-07-31 17:36:02 -0500
Served asset /application.js - 200 OK (335ms)


Started GET "/movies?utf8=%E2%9C%93&ratings%5BG%5D=1&commit=Refresh" for 127.0.0.1 at 2013-07-31 17:36:07 -0500
  Processing by MoviesController#index as HTML
  Parameters: {"utf8"=>"✓", "ratings"=>{"G"=>"1"}, "commit"=>"Refresh"}
  [1m[36mMovie Load (0.2ms)[0m  [1mSELECT "movies".* FROM "movies" [0m
  [1m[35mCACHE (0.0ms)[0m  SELECT "movies".* FROM "movies" 
Rendered movies/index.html.haml within layouts/application (9.7ms)
Completed 200 OK in 25ms (Views: 16.9ms | ActiveRecord: 0.6ms)


Started GET "/assets/application.css?body=1" for 127.0.0.1 at 2013-07-31 17:36:07 -0500
Served asset /application.css - 304 Not Modified (0ms)


Started GET "/assets/jquery.js?body=1" for 127.0.0.1 at 2013-07-31 17:36:07 -0500
Served asset /jquery.js - 304 Not Modified (0ms)


Started GET "/assets/application.js?body=1" for 127.0.0.1 at 2013-07-31 17:36:07 -0500
Served asset /application.js - 304 Not Modified (0ms)


Started GET "/assets/jquery_ujs.js?body=1" for 127.0.0.1 at 2013-07-31 17:36:07 -0500
Served asset /jquery_ujs.js - 304 Not Modified (0ms)
